{"/Users/ibrahim/Downloads/QRForPay/src/lib/qr.ts": {"path":"/Users/ibrahim/Downloads/QRForPay/src/lib/qr.ts","statementMap":{"0":{"start":{"line":8,"column":14},"end":{"line":8,"column":54}},"1":{"start":{"line":9,"column":2},"end":{"line":9,"column":30}},"2":{"start":{"line":14,"column":19},"end":{"line":14,"column":43}},"3":{"start":{"line":15,"column":2},"end":{"line":17,"column":3}},"4":{"start":{"line":16,"column":4},"end":{"line":16,"column":41}},"5":{"start":{"line":18,"column":2},"end":{"line":18,"column":26}},"6":{"start":{"line":22,"column":2},"end":{"line":22,"column":51}},"7":{"start":{"line":27,"column":12},"end":{"line":27,"column":18}},"8":{"start":{"line":28,"column":2},"end":{"line":37,"column":3}},"9":{"start":{"line":28,"column":15},"end":{"line":28,"column":16}},"10":{"start":{"line":29,"column":4},"end":{"line":29,"column":34}},"11":{"start":{"line":30,"column":4},"end":{"line":36,"column":5}},"12":{"start":{"line":30,"column":17},"end":{"line":30,"column":18}},"13":{"start":{"line":31,"column":6},"end":{"line":35,"column":7}},"14":{"start":{"line":32,"column":8},"end":{"line":32,"column":44}},"15":{"start":{"line":34,"column":8},"end":{"line":34,"column":33}},"16":{"start":{"line":38,"column":2},"end":{"line":38,"column":56}},"17":{"start":{"line":45,"column":2},"end":{"line":45,"column":67}},"18":{"start":{"line":45,"column":19},"end":{"line":45,"column":67}},"19":{"start":{"line":46,"column":2},"end":{"line":46,"column":72}},"20":{"start":{"line":46,"column":23},"end":{"line":46,"column":72}},"21":{"start":{"line":48,"column":18},"end":{"line":48,"column":61}},"22":{"start":{"line":51,"column":14},"end":{"line":51,"column":43}},"23":{"start":{"line":53,"column":2},"end":{"line":57,"column":3}},"24":{"start":{"line":54,"column":4},"end":{"line":54,"column":71}},"25":{"start":{"line":56,"column":4},"end":{"line":56,"column":71}},"26":{"start":{"line":60,"column":16},"end":{"line":60,"column":18}},"27":{"start":{"line":61,"column":2},"end":{"line":61,"column":28}},"28":{"start":{"line":62,"column":2},"end":{"line":62,"column":28}},"29":{"start":{"line":63,"column":2},"end":{"line":63,"column":35}},"30":{"start":{"line":64,"column":2},"end":{"line":64,"column":29}},"31":{"start":{"line":65,"column":2},"end":{"line":65,"column":41}},"32":{"start":{"line":66,"column":2},"end":{"line":66,"column":28}},"33":{"start":{"line":67,"column":2},"end":{"line":67,"column":56}},"34":{"start":{"line":70,"column":2},"end":{"line":70,"column":19}},"35":{"start":{"line":71,"column":19},"end":{"line":71,"column":33}},"36":{"start":{"line":72,"column":2},"end":{"line":72,"column":21}},"37":{"start":{"line":74,"column":2},"end":{"line":74,"column":16}},"38":{"start":{"line":78,"column":20},"end":{"line":78,"column":43}},"39":{"start":{"line":79,"column":17},"end":{"line":79,"column":59}},"40":{"start":{"line":80,"column":2},"end":{"line":80,"column":46}},"41":{"start":{"line":88,"column":2},"end":{"line":128,"column":4}},"42":{"start":{"line":89,"column":19},"end":{"line":89,"column":24}},"43":{"start":{"line":91,"column":18},"end":{"line":98,"column":29}},"44":{"start":{"line":92,"column":6},"end":{"line":97,"column":7}},"45":{"start":{"line":93,"column":8},"end":{"line":93,"column":23}},"46":{"start":{"line":94,"column":8},"end":{"line":94,"column":29}},"47":{"start":{"line":95,"column":8},"end":{"line":95,"column":33}},"48":{"start":{"line":96,"column":8},"end":{"line":96,"column":26}},"49":{"start":{"line":100,"column":20},"end":{"line":127,"column":18}},"50":{"start":{"line":111,"column":25},"end":{"line":111,"column":53}},"51":{"start":{"line":112,"column":10},"end":{"line":112,"column":32}},"52":{"start":{"line":114,"column":10},"end":{"line":124,"column":11}},"53":{"start":{"line":115,"column":12},"end":{"line":115,"column":27}},"54":{"start":{"line":116,"column":12},"end":{"line":116,"column":31}},"55":{"start":{"line":117,"column":12},"end":{"line":117,"column":33}},"56":{"start":{"line":118,"column":12},"end":{"line":118,"column":30}},"57":{"start":{"line":119,"column":17},"end":{"line":124,"column":11}},"58":{"start":{"line":120,"column":12},"end":{"line":120,"column":27}},"59":{"start":{"line":121,"column":12},"end":{"line":121,"column":31}},"60":{"start":{"line":122,"column":12},"end":{"line":122,"column":33}},"61":{"start":{"line":123,"column":12},"end":{"line":123,"column":32}}},"fnMap":{"0":{"name":"tlv","decl":{"start":{"line":7,"column":9},"end":{"line":7,"column":12}},"loc":{"start":{"line":7,"column":48},"end":{"line":10,"column":1}},"line":7},"1":{"name":"formatPhoneForPromptPay","decl":{"start":{"line":12,"column":9},"end":{"line":12,"column":32}},"loc":{"start":{"line":12,"column":56},"end":{"line":19,"column":1}},"line":12},"2":{"name":"formatTaxIdForPromptPay","decl":{"start":{"line":21,"column":9},"end":{"line":21,"column":32}},"loc":{"start":{"line":21,"column":56},"end":{"line":23,"column":1}},"line":21},"3":{"name":"crc16","decl":{"start":{"line":25,"column":9},"end":{"line":25,"column":14}},"loc":{"start":{"line":25,"column":37},"end":{"line":39,"column":1}},"line":25},"4":{"name":"generatePromptPayPayload","decl":{"start":{"line":41,"column":16},"end":{"line":41,"column":40}},"loc":{"start":{"line":44,"column":10},"end":{"line":75,"column":1}},"line":44},"5":{"name":"generateQRReference","decl":{"start":{"line":77,"column":16},"end":{"line":77,"column":35}},"loc":{"start":{"line":77,"column":46},"end":{"line":81,"column":1}},"line":77},"6":{"name":"pollPaymentStatus","decl":{"start":{"line":83,"column":22},"end":{"line":83,"column":39}},"loc":{"start":{"line":87,"column":48},"end":{"line":129,"column":1}},"line":87},"7":{"name":"(anonymous_7)","decl":{"start":{"line":88,"column":21},"end":{"line":88,"column":22}},"loc":{"start":{"line":88,"column":34},"end":{"line":128,"column":3}},"line":88},"8":{"name":"(anonymous_8)","decl":{"start":{"line":91,"column":29},"end":{"line":91,"column":30}},"loc":{"start":{"line":91,"column":35},"end":{"line":98,"column":5}},"line":91},"9":{"name":"(anonymous_9)","decl":{"start":{"line":110,"column":8},"end":{"line":110,"column":9}},"loc":{"start":{"line":110,"column":21},"end":{"line":125,"column":9}},"line":110}},"branchMap":{"0":{"loc":{"start":{"line":15,"column":2},"end":{"line":17,"column":3}},"type":"if","locations":[{"start":{"line":15,"column":2},"end":{"line":17,"column":3}},{"start":{},"end":{}}],"line":15},"1":{"loc":{"start":{"line":31,"column":6},"end":{"line":35,"column":7}},"type":"if","locations":[{"start":{"line":31,"column":6},"end":{"line":35,"column":7}},{"start":{"line":33,"column":13},"end":{"line":35,"column":7}}],"line":31},"2":{"loc":{"start":{"line":45,"column":2},"end":{"line":45,"column":67}},"type":"if","locations":[{"start":{"line":45,"column":2},"end":{"line":45,"column":67}},{"start":{},"end":{}}],"line":45},"3":{"loc":{"start":{"line":46,"column":2},"end":{"line":46,"column":72}},"type":"if","locations":[{"start":{"line":46,"column":2},"end":{"line":46,"column":72}},{"start":{},"end":{}}],"line":46},"4":{"loc":{"start":{"line":53,"column":2},"end":{"line":57,"column":3}},"type":"if","locations":[{"start":{"line":53,"column":2},"end":{"line":57,"column":3}},{"start":{"line":55,"column":9},"end":{"line":57,"column":3}}],"line":53},"5":{"loc":{"start":{"line":85,"column":2},"end":{"line":85,"column":44}},"type":"default-arg","locations":[{"start":{"line":85,"column":27},"end":{"line":85,"column":44}}],"line":85},"6":{"loc":{"start":{"line":92,"column":6},"end":{"line":97,"column":7}},"type":"if","locations":[{"start":{"line":92,"column":6},"end":{"line":97,"column":7}},{"start":{},"end":{}}],"line":92},"7":{"loc":{"start":{"line":114,"column":10},"end":{"line":124,"column":11}},"type":"if","locations":[{"start":{"line":114,"column":10},"end":{"line":124,"column":11}},{"start":{"line":119,"column":17},"end":{"line":124,"column":11}}],"line":114},"8":{"loc":{"start":{"line":114,"column":14},"end":{"line":114,"column":47}},"type":"binary-expr","locations":[{"start":{"line":114,"column":14},"end":{"line":114,"column":34}},{"start":{"line":114,"column":38},"end":{"line":114,"column":47}}],"line":114},"9":{"loc":{"start":{"line":119,"column":17},"end":{"line":124,"column":11}},"type":"if","locations":[{"start":{"line":119,"column":17},"end":{"line":124,"column":11}},{"start":{},"end":{}}],"line":119},"10":{"loc":{"start":{"line":119,"column":21},"end":{"line":119,"column":53}},"type":"binary-expr","locations":[{"start":{"line":119,"column":21},"end":{"line":119,"column":40}},{"start":{"line":119,"column":44},"end":{"line":119,"column":53}}],"line":119}},"s":{"0":100,"1":100,"2":9,"3":9,"4":9,"5":0,"6":1,"7":10,"8":10,"9":10,"10":1000,"11":1000,"12":1000,"13":8000,"14":4112,"15":3888,"16":10,"17":13,"18":2,"19":11,"20":1,"21":10,"22":10,"23":10,"24":9,"25":1,"26":10,"27":10,"28":10,"29":10,"30":10,"31":10,"32":10,"33":10,"34":10,"35":10,"36":10,"37":10,"38":111,"39":111,"40":111,"41":0,"42":0,"43":0,"44":0,"45":0,"46":0,"47":0,"48":0,"49":0,"50":0,"51":0,"52":0,"53":0,"54":0,"55":0,"56":0,"57":0,"58":0,"59":0,"60":0,"61":0},"f":{"0":100,"1":9,"2":1,"3":10,"4":13,"5":111,"6":0,"7":0,"8":0,"9":0},"b":{"0":[9,0],"1":[4112,3888],"2":[2,11],"3":[1,10],"4":[9,1],"5":[0],"6":[0,0],"7":[0,0],"8":[0,0],"9":[0,0],"10":[0,0]},"_coverageSchema":"1a1c01bbd47fc00a2c39e90264f33305004495a9","hash":"c1e794a7da3f01c101237614715274e091a7903e"}
,"/Users/ibrahim/Downloads/QRForPay/src/lib/receipt.ts": {"path":"/Users/ibrahim/Downloads/QRForPay/src/lib/receipt.ts","statementMap":{"0":{"start":{"line":4,"column":2},"end":{"line":7,"column":4}},"1":{"start":{"line":11,"column":2},"end":{"line":11,"column":34}},"2":{"start":{"line":15,"column":14},"end":{"line":15,"column":24}},"3":{"start":{"line":16,"column":15},"end":{"line":18,"column":45}},"4":{"start":{"line":19,"column":14},"end":{"line":19,"column":74}},"5":{"start":{"line":20,"column":2},"end":{"line":20,"column":25}},"6":{"start":{"line":24,"column":18},"end":{"line":24,"column":52}},"7":{"start":{"line":25,"column":26},"end":{"line":25,"column":28}},"8":{"start":{"line":27,"column":2},"end":{"line":27,"column":21}},"9":{"start":{"line":28,"column":2},"end":{"line":28,"column":38}},"10":{"start":{"line":29,"column":2},"end":{"line":29,"column":21}},"11":{"start":{"line":30,"column":2},"end":{"line":30,"column":44}},"12":{"start":{"line":31,"column":2},"end":{"line":31,"column":76}},"13":{"start":{"line":32,"column":2},"end":{"line":32,"column":21}},"14":{"start":{"line":34,"column":2},"end":{"line":39,"column":3}},"15":{"start":{"line":35,"column":17},"end":{"line":35,"column":60}},"16":{"start":{"line":36,"column":16},"end":{"line":36,"column":35}},"17":{"start":{"line":37,"column":18},"end":{"line":37,"column":51}},"18":{"start":{"line":38,"column":4},"end":{"line":38,"column":66}},"19":{"start":{"line":41,"column":2},"end":{"line":41,"column":21}},"20":{"start":{"line":42,"column":2},"end":{"line":42,"column":86}},"21":{"start":{"line":44,"column":2},"end":{"line":46,"column":3}},"22":{"start":{"line":45,"column":4},"end":{"line":45,"column":91}},"23":{"start":{"line":48,"column":2},"end":{"line":48,"column":88}},"24":{"start":{"line":49,"column":2},"end":{"line":49,"column":21}},"25":{"start":{"line":50,"column":2},"end":{"line":50,"column":90}},"26":{"start":{"line":51,"column":2},"end":{"line":51,"column":21}},"27":{"start":{"line":52,"column":2},"end":{"line":52,"column":73}},"28":{"start":{"line":53,"column":2},"end":{"line":53,"column":16}},"29":{"start":{"line":54,"column":2},"end":{"line":54,"column":33}},"30":{"start":{"line":55,"column":2},"end":{"line":55,"column":21}},"31":{"start":{"line":57,"column":2},"end":{"line":57,"column":25}}},"fnMap":{"0":{"name":"formatThaiCurrency","decl":{"start":{"line":3,"column":16},"end":{"line":3,"column":34}},"loc":{"start":{"line":3,"column":59},"end":{"line":8,"column":1}},"line":3},"1":{"name":"calculateChange","decl":{"start":{"line":10,"column":16},"end":{"line":10,"column":31}},"loc":{"start":{"line":10,"column":69},"end":{"line":12,"column":1}},"line":10},"2":{"name":"generateOrderNumber","decl":{"start":{"line":14,"column":16},"end":{"line":14,"column":35}},"loc":{"start":{"line":14,"column":60},"end":{"line":21,"column":1}},"line":14},"3":{"name":"formatReceipt","decl":{"start":{"line":23,"column":16},"end":{"line":23,"column":29}},"loc":{"start":{"line":23,"column":61},"end":{"line":58,"column":1}},"line":23}},"branchMap":{"0":{"loc":{"start":{"line":42,"column":50},"end":{"line":42,"column":69}},"type":"binary-expr","locations":[{"start":{"line":42,"column":50},"end":{"line":42,"column":64}},{"start":{"line":42,"column":68},"end":{"line":42,"column":69}}],"line":42},"1":{"loc":{"start":{"line":44,"column":2},"end":{"line":46,"column":3}},"type":"if","locations":[{"start":{"line":44,"column":2},"end":{"line":46,"column":3}},{"start":{},"end":{}}],"line":44},"2":{"loc":{"start":{"line":48,"column":50},"end":{"line":48,"column":71}},"type":"binary-expr","locations":[{"start":{"line":48,"column":50},"end":{"line":48,"column":66}},{"start":{"line":48,"column":70},"end":{"line":48,"column":71}}],"line":48},"3":{"loc":{"start":{"line":50,"column":50},"end":{"line":50,"column":73}},"type":"binary-expr","locations":[{"start":{"line":50,"column":50},"end":{"line":50,"column":68}},{"start":{"line":50,"column":72},"end":{"line":50,"column":73}}],"line":50},"4":{"loc":{"start":{"line":52,"column":26},"end":{"line":52,"column":55}},"type":"binary-expr","locations":[{"start":{"line":52,"column":26},"end":{"line":52,"column":46}},{"start":{"line":52,"column":50},"end":{"line":52,"column":55}}],"line":52}},"s":{"0":14,"1":3,"2":2,"3":2,"4":2,"5":2,"6":3,"7":3,"8":3,"9":3,"10":3,"11":3,"12":3,"13":3,"14":3,"15":2,"16":2,"17":2,"18":2,"19":3,"20":3,"21":3,"22":1,"23":3,"24":3,"25":3,"26":3,"27":3,"28":3,"29":3,"30":3,"31":3},"f":{"0":14,"1":3,"2":2,"3":3},"b":{"0":[3,0],"1":[1,2],"2":[3,0],"3":[3,0],"4":[3,0]},"_coverageSchema":"1a1c01bbd47fc00a2c39e90264f33305004495a9","hash":"9e00fb422fd14e89dc7235ef87a6cca25db23004"}
,"/Users/ibrahim/Downloads/QRForPay/src/lib/supabase.ts": {"path":"/Users/ibrahim/Downloads/QRForPay/src/lib/supabase.ts","statementMap":{"0":{"start":{"line":5,"column":24},"end":{"line":12,"column":2}}},"fnMap":{},"branchMap":{},"s":{"0":0},"f":{},"b":{}}
,"/Users/ibrahim/Downloads/QRForPay/src/store/authStore.ts": {"path":"/Users/ibrahim/Downloads/QRForPay/src/store/authStore.ts","statementMap":{"0":{"start":{"line":27,"column":28},"end":{"line":181,"column":1}},"1":{"start":{"line":28,"column":23},"end":{"line":180,"column":3}},"2":{"start":{"line":36,"column":6},"end":{"line":38,"column":8}},"3":{"start":{"line":37,"column":8},"end":{"line":37,"column":30}},"4":{"start":{"line":40,"column":6},"end":{"line":80,"column":7}},"5":{"start":{"line":41,"column":38},"end":{"line":41,"column":70}},"6":{"start":{"line":43,"column":8},"end":{"line":72,"column":9}},"7":{"start":{"line":44,"column":23},"end":{"line":44,"column":74}},"8":{"start":{"line":47,"column":36},"end":{"line":51,"column":21}},"9":{"start":{"line":54,"column":21},"end":{"line":54,"column":25}},"10":{"start":{"line":55,"column":10},"end":{"line":62,"column":11}},"11":{"start":{"line":56,"column":29},"end":{"line":60,"column":23}},"12":{"start":{"line":61,"column":12},"end":{"line":61,"column":23}},"13":{"start":{"line":64,"column":10},"end":{"line":68,"column":12}},"14":{"start":{"line":65,"column":12},"end":{"line":65,"column":29}},"15":{"start":{"line":66,"column":12},"end":{"line":66,"column":46}},"16":{"start":{"line":67,"column":12},"end":{"line":67,"column":37}},"17":{"start":{"line":71,"column":10},"end":{"line":71,"column":42}},"18":{"start":{"line":76,"column":8},"end":{"line":79,"column":10}},"19":{"start":{"line":77,"column":10},"end":{"line":77,"column":33}},"20":{"start":{"line":78,"column":10},"end":{"line":78,"column":36}},"21":{"start":{"line":84,"column":6},"end":{"line":86,"column":8}},"22":{"start":{"line":85,"column":8},"end":{"line":85,"column":30}},"23":{"start":{"line":88,"column":6},"end":{"line":132,"column":7}},"24":{"start":{"line":89,"column":32},"end":{"line":92,"column":10}},"25":{"start":{"line":94,"column":8},"end":{"line":94,"column":30}},"26":{"start":{"line":94,"column":19},"end":{"line":94,"column":30}},"27":{"start":{"line":96,"column":21},"end":{"line":96,"column":66}},"28":{"start":{"line":99,"column":55},"end":{"line":103,"column":19}},"29":{"start":{"line":105,"column":8},"end":{"line":105,"column":44}},"30":{"start":{"line":105,"column":26},"end":{"line":105,"column":44}},"31":{"start":{"line":108,"column":19},"end":{"line":108,"column":23}},"32":{"start":{"line":109,"column":8},"end":{"line":116,"column":9}},"33":{"start":{"line":110,"column":37},"end":{"line":114,"column":21}},"34":{"start":{"line":115,"column":10},"end":{"line":115,"column":25}},"35":{"start":{"line":118,"column":8},"end":{"line":123,"column":10}},"36":{"start":{"line":119,"column":10},"end":{"line":119,"column":27}},"37":{"start":{"line":120,"column":10},"end":{"line":120,"column":44}},"38":{"start":{"line":121,"column":10},"end":{"line":121,"column":35}},"39":{"start":{"line":122,"column":10},"end":{"line":122,"column":33}},"40":{"start":{"line":126,"column":8},"end":{"line":126,"column":40}},"41":{"start":{"line":128,"column":8},"end":{"line":130,"column":10}},"42":{"start":{"line":129,"column":10},"end":{"line":129,"column":33}},"43":{"start":{"line":131,"column":8},"end":{"line":131,"column":17}},"44":{"start":{"line":136,"column":6},"end":{"line":136,"column":35}},"45":{"start":{"line":137,"column":6},"end":{"line":141,"column":8}},"46":{"start":{"line":138,"column":8},"end":{"line":138,"column":25}},"47":{"start":{"line":139,"column":8},"end":{"line":139,"column":28}},"48":{"start":{"line":140,"column":8},"end":{"line":140,"column":25}},"49":{"start":{"line":145,"column":6},"end":{"line":178,"column":7}},"50":{"start":{"line":147,"column":8},"end":{"line":147,"column":41}},"51":{"start":{"line":147,"column":35},"end":{"line":147,"column":41}},"52":{"start":{"line":149,"column":43},"end":{"line":149,"column":84}},"53":{"start":{"line":150,"column":26},"end":{"line":150,"column":40}},"54":{"start":{"line":152,"column":8},"end":{"line":155,"column":9}},"55":{"start":{"line":153,"column":29},"end":{"line":153,"column":74}},"56":{"start":{"line":154,"column":10},"end":{"line":154,"column":30}},"57":{"start":{"line":157,"column":8},"end":{"line":157,"column":45}},"58":{"start":{"line":157,"column":39},"end":{"line":157,"column":45}},"59":{"start":{"line":159,"column":26},"end":{"line":163,"column":10}},"60":{"start":{"line":164,"column":26},"end":{"line":164,"column":40}},"61":{"start":{"line":166,"column":8},"end":{"line":169,"column":27}},"62":{"start":{"line":171,"column":8},"end":{"line":175,"column":10}},"63":{"start":{"line":172,"column":10},"end":{"line":174,"column":11}},"64":{"start":{"line":173,"column":12},"end":{"line":173,"column":48}}},"fnMap":{"0":{"name":"(anonymous_0)","decl":{"start":{"line":28,"column":8},"end":{"line":28,"column":9}},"loc":{"start":{"line":28,"column":23},"end":{"line":180,"column":3}},"line":28},"1":{"name":"(anonymous_1)","decl":{"start":{"line":35,"column":16},"end":{"line":35,"column":17}},"loc":{"start":{"line":35,"column":28},"end":{"line":81,"column":5}},"line":35},"2":{"name":"(anonymous_2)","decl":{"start":{"line":36,"column":10},"end":{"line":36,"column":11}},"loc":{"start":{"line":36,"column":21},"end":{"line":38,"column":7}},"line":36},"3":{"name":"(anonymous_3)","decl":{"start":{"line":64,"column":14},"end":{"line":64,"column":15}},"loc":{"start":{"line":64,"column":25},"end":{"line":68,"column":11}},"line":64},"4":{"name":"(anonymous_4)","decl":{"start":{"line":76,"column":12},"end":{"line":76,"column":13}},"loc":{"start":{"line":76,"column":23},"end":{"line":79,"column":9}},"line":76},"5":{"name":"(anonymous_5)","decl":{"start":{"line":83,"column":12},"end":{"line":83,"column":13}},"loc":{"start":{"line":83,"column":55},"end":{"line":133,"column":5}},"line":83},"6":{"name":"(anonymous_6)","decl":{"start":{"line":84,"column":10},"end":{"line":84,"column":11}},"loc":{"start":{"line":84,"column":21},"end":{"line":86,"column":7}},"line":84},"7":{"name":"(anonymous_7)","decl":{"start":{"line":118,"column":12},"end":{"line":118,"column":13}},"loc":{"start":{"line":118,"column":23},"end":{"line":123,"column":9}},"line":118},"8":{"name":"(anonymous_8)","decl":{"start":{"line":128,"column":12},"end":{"line":128,"column":13}},"loc":{"start":{"line":128,"column":23},"end":{"line":130,"column":9}},"line":128},"9":{"name":"(anonymous_9)","decl":{"start":{"line":135,"column":13},"end":{"line":135,"column":14}},"loc":{"start":{"line":135,"column":25},"end":{"line":142,"column":5}},"line":135},"10":{"name":"(anonymous_10)","decl":{"start":{"line":137,"column":10},"end":{"line":137,"column":11}},"loc":{"start":{"line":137,"column":21},"end":{"line":141,"column":7}},"line":137},"11":{"name":"(anonymous_11)","decl":{"start":{"line":144,"column":23},"end":{"line":144,"column":24}},"loc":{"start":{"line":144,"column":49},"end":{"line":179,"column":5}},"line":144},"12":{"name":"(anonymous_12)","decl":{"start":{"line":171,"column":12},"end":{"line":171,"column":13}},"loc":{"start":{"line":171,"column":23},"end":{"line":175,"column":9}},"line":171}},"branchMap":{"0":{"loc":{"start":{"line":43,"column":8},"end":{"line":72,"column":9}},"type":"if","locations":[{"start":{"line":43,"column":8},"end":{"line":72,"column":9}},{"start":{},"end":{}}],"line":43},"1":{"loc":{"start":{"line":55,"column":10},"end":{"line":62,"column":11}},"type":"if","locations":[{"start":{"line":55,"column":10},"end":{"line":62,"column":11}},{"start":{},"end":{}}],"line":55},"2":{"loc":{"start":{"line":94,"column":8},"end":{"line":94,"column":30}},"type":"if","locations":[{"start":{"line":94,"column":8},"end":{"line":94,"column":30}},{"start":{},"end":{}}],"line":94},"3":{"loc":{"start":{"line":105,"column":8},"end":{"line":105,"column":44}},"type":"if","locations":[{"start":{"line":105,"column":8},"end":{"line":105,"column":44}},{"start":{},"end":{}}],"line":105},"4":{"loc":{"start":{"line":109,"column":8},"end":{"line":116,"column":9}},"type":"if","locations":[{"start":{"line":109,"column":8},"end":{"line":116,"column":9}},{"start":{},"end":{}}],"line":109},"5":{"loc":{"start":{"line":147,"column":8},"end":{"line":147,"column":41}},"type":"if","locations":[{"start":{"line":147,"column":8},"end":{"line":147,"column":41}},{"start":{},"end":{}}],"line":147},"6":{"loc":{"start":{"line":152,"column":8},"end":{"line":155,"column":9}},"type":"if","locations":[{"start":{"line":152,"column":8},"end":{"line":155,"column":9}},{"start":{},"end":{}}],"line":152},"7":{"loc":{"start":{"line":157,"column":8},"end":{"line":157,"column":45}},"type":"if","locations":[{"start":{"line":157,"column":8},"end":{"line":157,"column":45}},{"start":{},"end":{}}],"line":157},"8":{"loc":{"start":{"line":161,"column":12},"end":{"line":162,"column":42}},"type":"binary-expr","locations":[{"start":{"line":161,"column":12},"end":{"line":161,"column":55}},{"start":{"line":162,"column":12},"end":{"line":162,"column":42}}],"line":161},"9":{"loc":{"start":{"line":172,"column":10},"end":{"line":174,"column":11}},"type":"if","locations":[{"start":{"line":172,"column":10},"end":{"line":174,"column":11}},{"start":{},"end":{}}],"line":172}},"s":{"0":1,"1":1,"2":4,"3":4,"4":4,"5":4,"6":3,"7":2,"8":2,"9":2,"10":2,"11":1,"12":1,"13":2,"14":2,"15":2,"16":2,"17":2,"18":4,"19":4,"20":4,"21":4,"22":4,"23":4,"24":4,"25":4,"26":1,"27":3,"28":3,"29":3,"30":1,"31":2,"32":2,"33":1,"34":1,"35":2,"36":2,"37":2,"38":2,"39":2,"40":2,"41":2,"42":2,"43":2,"44":2,"45":2,"46":2,"47":2,"48":2,"49":9,"50":9,"51":1,"52":8,"53":7,"54":7,"55":2,"56":2,"57":7,"58":1,"59":6,"60":6,"61":6,"62":6,"63":6,"64":6},"f":{"0":1,"1":4,"2":4,"3":2,"4":4,"5":4,"6":4,"7":2,"8":2,"9":2,"10":2,"11":9,"12":6},"b":{"0":[2,1],"1":[1,1],"2":[1,3],"3":[1,2],"4":[1,1],"5":[1,8],"6":[2,5],"7":[1,6],"8":[6,6],"9":[6,0]},"_coverageSchema":"1a1c01bbd47fc00a2c39e90264f33305004495a9","hash":"13f18ab8130b5fafede08fb97f6162815c9544d6"}
,"/Users/ibrahim/Downloads/QRForPay/src/store/cartStore.ts": {"path":"/Users/ibrahim/Downloads/QRForPay/src/store/cartStore.ts","statementMap":{"0":{"start":{"line":20,"column":28},"end":{"line":88,"column":1}},"1":{"start":{"line":22,"column":20},"end":{"line":82,"column":5}},"2":{"start":{"line":28,"column":8},"end":{"line":30,"column":9}},"3":{"start":{"line":29,"column":10},"end":{"line":29,"column":41}},"4":{"start":{"line":31,"column":8},"end":{"line":45,"column":10}},"5":{"start":{"line":32,"column":27},"end":{"line":34,"column":11}},"6":{"start":{"line":33,"column":22},"end":{"line":33,"column":52}},"7":{"start":{"line":35,"column":10},"end":{"line":44,"column":11}},"8":{"start":{"line":36,"column":12},"end":{"line":36,"column":34}},"9":{"start":{"line":37,"column":12},"end":{"line":37,"column":74}},"10":{"start":{"line":39,"column":12},"end":{"line":43,"column":14}},"11":{"start":{"line":49,"column":8},"end":{"line":53,"column":10}},"12":{"start":{"line":50,"column":10},"end":{"line":52,"column":11}},"13":{"start":{"line":51,"column":22},"end":{"line":51,"column":51}},"14":{"start":{"line":56,"column":8},"end":{"line":70,"column":10}},"15":{"start":{"line":57,"column":10},"end":{"line":62,"column":11}},"16":{"start":{"line":58,"column":12},"end":{"line":60,"column":13}},"17":{"start":{"line":59,"column":24},"end":{"line":59,"column":53}},"18":{"start":{"line":61,"column":12},"end":{"line":61,"column":18}},"19":{"start":{"line":63,"column":23},"end":{"line":65,"column":11}},"20":{"start":{"line":64,"column":22},"end":{"line":64,"column":51}},"21":{"start":{"line":66,"column":10},"end":{"line":69,"column":11}},"22":{"start":{"line":67,"column":12},"end":{"line":67,"column":31}},"23":{"start":{"line":68,"column":12},"end":{"line":68,"column":52}},"24":{"start":{"line":73,"column":8},"end":{"line":75,"column":10}},"25":{"start":{"line":74,"column":10},"end":{"line":74,"column":62}},"26":{"start":{"line":78,"column":8},"end":{"line":81,"column":10}},"27":{"start":{"line":79,"column":10},"end":{"line":79,"column":26}},"28":{"start":{"line":80,"column":10},"end":{"line":80,"column":28}},"29":{"start":{"line":85,"column":39},"end":{"line":85,"column":51}},"30":{"start":{"line":91,"column":31},"end":{"line":92,"column":59}},"31":{"start":{"line":92,"column":2},"end":{"line":92,"column":59}},"32":{"start":{"line":92,"column":36},"end":{"line":92,"column":55}},"33":{"start":{"line":94,"column":30},"end":{"line":95,"column":59}},"34":{"start":{"line":95,"column":2},"end":{"line":95,"column":59}},"35":{"start":{"line":95,"column":36},"end":{"line":95,"column":55}},"36":{"start":{"line":97,"column":36},"end":{"line":100,"column":1}},"37":{"start":{"line":98,"column":19},"end":{"line":98,"column":40}},"38":{"start":{"line":99,"column":2},"end":{"line":99,"column":42}},"39":{"start":{"line":102,"column":31},"end":{"line":108,"column":1}},"40":{"start":{"line":103,"column":19},"end":{"line":103,"column":40}},"41":{"start":{"line":104,"column":25},"end":{"line":104,"column":52}},"42":{"start":{"line":105,"column":24},"end":{"line":105,"column":49}},"43":{"start":{"line":107,"column":2},"end":{"line":107,"column":62}},"44":{"start":{"line":110,"column":32},"end":{"line":115,"column":1}},"45":{"start":{"line":111,"column":19},"end":{"line":111,"column":40}},"46":{"start":{"line":112,"column":25},"end":{"line":112,"column":52}},"47":{"start":{"line":114,"column":2},"end":{"line":114,"column":34}}},"fnMap":{"0":{"name":"(anonymous_0)","decl":{"start":{"line":22,"column":10},"end":{"line":22,"column":11}},"loc":{"start":{"line":22,"column":20},"end":{"line":82,"column":5}},"line":22},"1":{"name":"(anonymous_1)","decl":{"start":{"line":27,"column":15},"end":{"line":27,"column":16}},"loc":{"start":{"line":27,"column":37},"end":{"line":46,"column":7}},"line":27},"2":{"name":"(anonymous_2)","decl":{"start":{"line":31,"column":12},"end":{"line":31,"column":13}},"loc":{"start":{"line":31,"column":23},"end":{"line":45,"column":9}},"line":31},"3":{"name":"(anonymous_3)","decl":{"start":{"line":33,"column":12},"end":{"line":33,"column":13}},"loc":{"start":{"line":33,"column":22},"end":{"line":33,"column":52}},"line":33},"4":{"name":"(anonymous_4)","decl":{"start":{"line":48,"column":18},"end":{"line":48,"column":19}},"loc":{"start":{"line":49,"column":8},"end":{"line":53,"column":10}},"line":49},"5":{"name":"(anonymous_5)","decl":{"start":{"line":49,"column":12},"end":{"line":49,"column":13}},"loc":{"start":{"line":49,"column":23},"end":{"line":53,"column":9}},"line":49},"6":{"name":"(anonymous_6)","decl":{"start":{"line":51,"column":12},"end":{"line":51,"column":13}},"loc":{"start":{"line":51,"column":22},"end":{"line":51,"column":51}},"line":51},"7":{"name":"(anonymous_7)","decl":{"start":{"line":55,"column":22},"end":{"line":55,"column":23}},"loc":{"start":{"line":56,"column":8},"end":{"line":70,"column":10}},"line":56},"8":{"name":"(anonymous_8)","decl":{"start":{"line":56,"column":12},"end":{"line":56,"column":13}},"loc":{"start":{"line":56,"column":23},"end":{"line":70,"column":9}},"line":56},"9":{"name":"(anonymous_9)","decl":{"start":{"line":59,"column":14},"end":{"line":59,"column":15}},"loc":{"start":{"line":59,"column":24},"end":{"line":59,"column":53}},"line":59},"10":{"name":"(anonymous_10)","decl":{"start":{"line":64,"column":12},"end":{"line":64,"column":13}},"loc":{"start":{"line":64,"column":22},"end":{"line":64,"column":51}},"line":64},"11":{"name":"(anonymous_11)","decl":{"start":{"line":72,"column":21},"end":{"line":72,"column":22}},"loc":{"start":{"line":73,"column":8},"end":{"line":75,"column":10}},"line":73},"12":{"name":"(anonymous_12)","decl":{"start":{"line":73,"column":12},"end":{"line":73,"column":13}},"loc":{"start":{"line":73,"column":23},"end":{"line":75,"column":9}},"line":73},"13":{"name":"(anonymous_13)","decl":{"start":{"line":77,"column":17},"end":{"line":77,"column":18}},"loc":{"start":{"line":78,"column":8},"end":{"line":81,"column":10}},"line":78},"14":{"name":"(anonymous_14)","decl":{"start":{"line":78,"column":12},"end":{"line":78,"column":13}},"loc":{"start":{"line":78,"column":23},"end":{"line":81,"column":9}},"line":78},"15":{"name":"(anonymous_15)","decl":{"start":{"line":85,"column":33},"end":{"line":85,"column":34}},"loc":{"start":{"line":85,"column":39},"end":{"line":85,"column":51}},"line":85},"16":{"name":"(anonymous_16)","decl":{"start":{"line":91,"column":31},"end":{"line":91,"column":32}},"loc":{"start":{"line":92,"column":2},"end":{"line":92,"column":59}},"line":92},"17":{"name":"(anonymous_17)","decl":{"start":{"line":92,"column":21},"end":{"line":92,"column":22}},"loc":{"start":{"line":92,"column":36},"end":{"line":92,"column":55}},"line":92},"18":{"name":"(anonymous_18)","decl":{"start":{"line":94,"column":30},"end":{"line":94,"column":31}},"loc":{"start":{"line":95,"column":2},"end":{"line":95,"column":59}},"line":95},"19":{"name":"(anonymous_19)","decl":{"start":{"line":95,"column":21},"end":{"line":95,"column":22}},"loc":{"start":{"line":95,"column":36},"end":{"line":95,"column":55}},"line":95},"20":{"name":"(anonymous_20)","decl":{"start":{"line":97,"column":36},"end":{"line":97,"column":37}},"loc":{"start":{"line":97,"column":58},"end":{"line":100,"column":1}},"line":97},"21":{"name":"(anonymous_21)","decl":{"start":{"line":102,"column":31},"end":{"line":102,"column":32}},"loc":{"start":{"line":102,"column":53},"end":{"line":108,"column":1}},"line":102},"22":{"name":"(anonymous_22)","decl":{"start":{"line":110,"column":32},"end":{"line":110,"column":33}},"loc":{"start":{"line":110,"column":54},"end":{"line":115,"column":1}},"line":110}},"branchMap":{"0":{"loc":{"start":{"line":28,"column":8},"end":{"line":30,"column":9}},"type":"if","locations":[{"start":{"line":28,"column":8},"end":{"line":30,"column":9}},{"start":{},"end":{}}],"line":28},"1":{"loc":{"start":{"line":35,"column":10},"end":{"line":44,"column":11}},"type":"if","locations":[{"start":{"line":35,"column":10},"end":{"line":44,"column":11}},{"start":{"line":38,"column":17},"end":{"line":44,"column":11}}],"line":35},"2":{"loc":{"start":{"line":57,"column":10},"end":{"line":62,"column":11}},"type":"if","locations":[{"start":{"line":57,"column":10},"end":{"line":62,"column":11}},{"start":{},"end":{}}],"line":57},"3":{"loc":{"start":{"line":66,"column":10},"end":{"line":69,"column":11}},"type":"if","locations":[{"start":{"line":66,"column":10},"end":{"line":69,"column":11}},{"start":{},"end":{}}],"line":66}},"s":{"0":2,"1":2,"2":21,"3":2,"4":19,"5":19,"6":9,"7":19,"8":3,"9":3,"10":16,"11":1,"12":1,"13":1,"14":1,"15":1,"16":1,"17":1,"18":1,"19":0,"20":0,"21":0,"22":0,"23":0,"24":2,"25":2,"26":12,"27":12,"28":12,"29":2,"30":2,"31":0,"32":0,"33":2,"34":6,"35":7,"36":2,"37":1,"38":1,"39":2,"40":0,"41":0,"42":0,"43":0,"44":2,"45":1,"46":1,"47":1},"f":{"0":2,"1":21,"2":19,"3":9,"4":1,"5":1,"6":1,"7":1,"8":1,"9":1,"10":0,"11":2,"12":2,"13":12,"14":12,"15":2,"16":0,"17":0,"18":6,"19":7,"20":1,"21":0,"22":1},"b":{"0":[2,19],"1":[3,16],"2":[1,0],"3":[0,0]},"_coverageSchema":"1a1c01bbd47fc00a2c39e90264f33305004495a9","hash":"9c926084175735d027486a30904a84d970d69873"}
,"/Users/ibrahim/Downloads/QRForPay/src/store/ingredientStore.ts": {"path":"/Users/ibrahim/Downloads/QRForPay/src/store/ingredientStore.ts","statementMap":{"0":{"start":{"line":24,"column":34},"end":{"line":219,"column":1}},"1":{"start":{"line":25,"column":24},"end":{"line":218,"column":3}},"2":{"start":{"line":30,"column":6},"end":{"line":32,"column":8}},"3":{"start":{"line":31,"column":8},"end":{"line":31,"column":30}},"4":{"start":{"line":33,"column":6},"end":{"line":51,"column":7}},"5":{"start":{"line":34,"column":32},"end":{"line":39,"column":24}},"6":{"start":{"line":41,"column":8},"end":{"line":41,"column":30}},"7":{"start":{"line":41,"column":19},"end":{"line":41,"column":30}},"8":{"start":{"line":43,"column":8},"end":{"line":46,"column":10}},"9":{"start":{"line":44,"column":10},"end":{"line":44,"column":58}},"10":{"start":{"line":45,"column":10},"end":{"line":45,"column":33}},"11":{"start":{"line":48,"column":8},"end":{"line":50,"column":10}},"12":{"start":{"line":49,"column":10},"end":{"line":49,"column":33}},"13":{"start":{"line":55,"column":21},"end":{"line":55,"column":30}},"14":{"start":{"line":57,"column":6},"end":{"line":98,"column":7}},"15":{"start":{"line":58,"column":26},"end":{"line":69,"column":29}},"16":{"start":{"line":71,"column":8},"end":{"line":71,"column":30}},"17":{"start":{"line":71,"column":19},"end":{"line":71,"column":30}},"18":{"start":{"line":73,"column":8},"end":{"line":76,"column":10}},"19":{"start":{"line":74,"column":22},"end":{"line":74,"column":74}},"20":{"start":{"line":74,"column":57},"end":{"line":74,"column":73}},"21":{"start":{"line":75,"column":10},"end":{"line":75,"column":69}},"22":{"start":{"line":75,"column":26},"end":{"line":75,"column":69}},"23":{"start":{"line":78,"column":42},"end":{"line":91,"column":19}},"24":{"start":{"line":93,"column":8},"end":{"line":93,"column":30}},"25":{"start":{"line":93,"column":19},"end":{"line":93,"column":30}},"26":{"start":{"line":95,"column":8},"end":{"line":97,"column":10}},"27":{"start":{"line":96,"column":10},"end":{"line":96,"column":56}},"28":{"start":{"line":102,"column":24},"end":{"line":105,"column":21}},"29":{"start":{"line":107,"column":6},"end":{"line":107,"column":28}},"30":{"start":{"line":107,"column":17},"end":{"line":107,"column":28}},"31":{"start":{"line":109,"column":6},"end":{"line":111,"column":8}},"32":{"start":{"line":110,"column":8},"end":{"line":110,"column":72}},"33":{"start":{"line":110,"column":60},"end":{"line":110,"column":71}},"34":{"start":{"line":123,"column":20},"end":{"line":123,"column":61}},"35":{"start":{"line":127,"column":24},"end":{"line":134,"column":8}},"36":{"start":{"line":136,"column":6},"end":{"line":136,"column":28}},"37":{"start":{"line":136,"column":17},"end":{"line":136,"column":28}},"38":{"start":{"line":139,"column":51},"end":{"line":143,"column":17}},"39":{"start":{"line":145,"column":6},"end":{"line":145,"column":38}},"40":{"start":{"line":145,"column":22},"end":{"line":145,"column":38}},"41":{"start":{"line":147,"column":6},"end":{"line":152,"column":8}},"42":{"start":{"line":148,"column":27},"end":{"line":148,"column":79}},"43":{"start":{"line":148,"column":57},"end":{"line":148,"column":78}},"44":{"start":{"line":149,"column":8},"end":{"line":151,"column":9}},"45":{"start":{"line":150,"column":10},"end":{"line":150,"column":66}},"46":{"start":{"line":156,"column":6},"end":{"line":156,"column":36}},"47":{"start":{"line":156,"column":30},"end":{"line":156,"column":36}},"48":{"start":{"line":159,"column":47},"end":{"line":159,"column":49}},"49":{"start":{"line":161,"column":6},"end":{"line":181,"column":7}},"50":{"start":{"line":162,"column":26},"end":{"line":162,"column":45}},"51":{"start":{"line":165,"column":54},"end":{"line":168,"column":38}},"52":{"start":{"line":170,"column":8},"end":{"line":170,"column":42}},"53":{"start":{"line":170,"column":25},"end":{"line":170,"column":42}},"54":{"start":{"line":171,"column":8},"end":{"line":171,"column":54}},"55":{"start":{"line":171,"column":46},"end":{"line":171,"column":54}},"56":{"start":{"line":173,"column":8},"end":{"line":180,"column":9}},"57":{"start":{"line":174,"column":29},"end":{"line":174,"column":73}},"58":{"start":{"line":175,"column":10},"end":{"line":179,"column":11}},"59":{"start":{"line":176,"column":12},"end":{"line":176,"column":56}},"60":{"start":{"line":178,"column":12},"end":{"line":178,"column":55}},"61":{"start":{"line":183,"column":28},"end":{"line":183,"column":49}},"62":{"start":{"line":184,"column":6},"end":{"line":184,"column":44}},"63":{"start":{"line":184,"column":38},"end":{"line":184,"column":44}},"64":{"start":{"line":188,"column":6},"end":{"line":199,"column":7}},"65":{"start":{"line":190,"column":10},"end":{"line":197,"column":12}},"66":{"start":{"line":202,"column":57},"end":{"line":205,"column":32}},"67":{"start":{"line":207,"column":6},"end":{"line":207,"column":38}},"68":{"start":{"line":207,"column":22},"end":{"line":207,"column":38}},"69":{"start":{"line":209,"column":6},"end":{"line":216,"column":8}},"70":{"start":{"line":210,"column":8},"end":{"line":215,"column":9}},"71":{"start":{"line":211,"column":29},"end":{"line":211,"column":75}},"72":{"start":{"line":211,"column":59},"end":{"line":211,"column":74}},"73":{"start":{"line":212,"column":10},"end":{"line":214,"column":11}},"74":{"start":{"line":213,"column":12},"end":{"line":213,"column":64}}},"fnMap":{"0":{"name":"(anonymous_0)","decl":{"start":{"line":25,"column":8},"end":{"line":25,"column":9}},"loc":{"start":{"line":25,"column":24},"end":{"line":218,"column":3}},"line":25},"1":{"name":"(anonymous_1)","decl":{"start":{"line":29,"column":22},"end":{"line":29,"column":23}},"loc":{"start":{"line":29,"column":48},"end":{"line":52,"column":5}},"line":29},"2":{"name":"(anonymous_2)","decl":{"start":{"line":30,"column":10},"end":{"line":30,"column":11}},"loc":{"start":{"line":30,"column":21},"end":{"line":32,"column":7}},"line":30},"3":{"name":"(anonymous_3)","decl":{"start":{"line":43,"column":12},"end":{"line":43,"column":13}},"loc":{"start":{"line":43,"column":23},"end":{"line":46,"column":9}},"line":43},"4":{"name":"(anonymous_4)","decl":{"start":{"line":48,"column":12},"end":{"line":48,"column":13}},"loc":{"start":{"line":48,"column":23},"end":{"line":50,"column":9}},"line":48},"5":{"name":"(anonymous_5)","decl":{"start":{"line":54,"column":20},"end":{"line":54,"column":21}},"loc":{"start":{"line":54,"column":73},"end":{"line":99,"column":5}},"line":54},"6":{"name":"(anonymous_6)","decl":{"start":{"line":73,"column":12},"end":{"line":73,"column":13}},"loc":{"start":{"line":73,"column":23},"end":{"line":76,"column":9}},"line":73},"7":{"name":"(anonymous_7)","decl":{"start":{"line":74,"column":50},"end":{"line":74,"column":51}},"loc":{"start":{"line":74,"column":57},"end":{"line":74,"column":73}},"line":74},"8":{"name":"(anonymous_8)","decl":{"start":{"line":95,"column":12},"end":{"line":95,"column":13}},"loc":{"start":{"line":95,"column":23},"end":{"line":97,"column":9}},"line":95},"9":{"name":"(anonymous_9)","decl":{"start":{"line":101,"column":22},"end":{"line":101,"column":23}},"loc":{"start":{"line":101,"column":44},"end":{"line":112,"column":5}},"line":101},"10":{"name":"(anonymous_10)","decl":{"start":{"line":109,"column":10},"end":{"line":109,"column":11}},"loc":{"start":{"line":109,"column":21},"end":{"line":111,"column":7}},"line":109},"11":{"name":"(anonymous_11)","decl":{"start":{"line":110,"column":53},"end":{"line":110,"column":54}},"loc":{"start":{"line":110,"column":60},"end":{"line":110,"column":71}},"line":110},"12":{"name":"(anonymous_12)","decl":{"start":{"line":114,"column":17},"end":{"line":114,"column":18}},"loc":{"start":{"line":121,"column":9},"end":{"line":153,"column":5}},"line":121},"13":{"name":"(anonymous_13)","decl":{"start":{"line":147,"column":10},"end":{"line":147,"column":11}},"loc":{"start":{"line":147,"column":21},"end":{"line":152,"column":7}},"line":147},"14":{"name":"(anonymous_14)","decl":{"start":{"line":148,"column":50},"end":{"line":148,"column":51}},"loc":{"start":{"line":148,"column":57},"end":{"line":148,"column":78}},"line":148},"15":{"name":"(anonymous_15)","decl":{"start":{"line":155,"column":20},"end":{"line":155,"column":21}},"loc":{"start":{"line":155,"column":82},"end":{"line":217,"column":5}},"line":155},"16":{"name":"(anonymous_16)","decl":{"start":{"line":189,"column":26},"end":{"line":189,"column":27}},"loc":{"start":{"line":190,"column":10},"end":{"line":197,"column":12}},"line":190},"17":{"name":"(anonymous_17)","decl":{"start":{"line":209,"column":10},"end":{"line":209,"column":11}},"loc":{"start":{"line":209,"column":21},"end":{"line":216,"column":7}},"line":209},"18":{"name":"(anonymous_18)","decl":{"start":{"line":211,"column":52},"end":{"line":211,"column":53}},"loc":{"start":{"line":211,"column":59},"end":{"line":211,"column":74}},"line":211}},"branchMap":{"0":{"loc":{"start":{"line":41,"column":8},"end":{"line":41,"column":30}},"type":"if","locations":[{"start":{"line":41,"column":8},"end":{"line":41,"column":30}},{"start":{},"end":{}}],"line":41},"1":{"loc":{"start":{"line":44,"column":31},"end":{"line":44,"column":41}},"type":"binary-expr","locations":[{"start":{"line":44,"column":31},"end":{"line":44,"column":35}},{"start":{"line":44,"column":39},"end":{"line":44,"column":41}}],"line":44},"2":{"loc":{"start":{"line":57,"column":6},"end":{"line":98,"column":7}},"type":"if","locations":[{"start":{"line":57,"column":6},"end":{"line":98,"column":7}},{"start":{"line":77,"column":13},"end":{"line":98,"column":7}}],"line":57},"3":{"loc":{"start":{"line":66,"column":25},"end":{"line":66,"column":49}},"type":"binary-expr","locations":[{"start":{"line":66,"column":25},"end":{"line":66,"column":41}},{"start":{"line":66,"column":45},"end":{"line":66,"column":49}}],"line":66},"4":{"loc":{"start":{"line":71,"column":8},"end":{"line":71,"column":30}},"type":"if","locations":[{"start":{"line":71,"column":8},"end":{"line":71,"column":30}},{"start":{},"end":{}}],"line":71},"5":{"loc":{"start":{"line":75,"column":10},"end":{"line":75,"column":69}},"type":"if","locations":[{"start":{"line":75,"column":10},"end":{"line":75,"column":69}},{"start":{},"end":{}}],"line":75},"6":{"loc":{"start":{"line":84,"column":27},"end":{"line":84,"column":50}},"type":"binary-expr","locations":[{"start":{"line":84,"column":27},"end":{"line":84,"column":45}},{"start":{"line":84,"column":49},"end":{"line":84,"column":50}}],"line":84},"7":{"loc":{"start":{"line":85,"column":27},"end":{"line":85,"column":50}},"type":"binary-expr","locations":[{"start":{"line":85,"column":27},"end":{"line":85,"column":45}},{"start":{"line":85,"column":49},"end":{"line":85,"column":50}}],"line":85},"8":{"loc":{"start":{"line":86,"column":27},"end":{"line":86,"column":50}},"type":"binary-expr","locations":[{"start":{"line":86,"column":27},"end":{"line":86,"column":45}},{"start":{"line":86,"column":49},"end":{"line":86,"column":50}}],"line":86},"9":{"loc":{"start":{"line":87,"column":25},"end":{"line":87,"column":49}},"type":"binary-expr","locations":[{"start":{"line":87,"column":25},"end":{"line":87,"column":41}},{"start":{"line":87,"column":45},"end":{"line":87,"column":49}}],"line":87},"10":{"loc":{"start":{"line":93,"column":8},"end":{"line":93,"column":30}},"type":"if","locations":[{"start":{"line":93,"column":8},"end":{"line":93,"column":30}},{"start":{},"end":{}}],"line":93},"11":{"loc":{"start":{"line":107,"column":6},"end":{"line":107,"column":28}},"type":"if","locations":[{"start":{"line":107,"column":6},"end":{"line":107,"column":28}},{"start":{},"end":{}}],"line":107},"12":{"loc":{"start":{"line":123,"column":20},"end":{"line":123,"column":61}},"type":"cond-expr","locations":[{"start":{"line":123,"column":42},"end":{"line":123,"column":55}},{"start":{"line":123,"column":58},"end":{"line":123,"column":61}}],"line":123},"13":{"loc":{"start":{"line":131,"column":16},"end":{"line":131,"column":28}},"type":"binary-expr","locations":[{"start":{"line":131,"column":16},"end":{"line":131,"column":20}},{"start":{"line":131,"column":24},"end":{"line":131,"column":28}}],"line":131},"14":{"loc":{"start":{"line":136,"column":6},"end":{"line":136,"column":28}},"type":"if","locations":[{"start":{"line":136,"column":6},"end":{"line":136,"column":28}},{"start":{},"end":{}}],"line":136},"15":{"loc":{"start":{"line":145,"column":6},"end":{"line":145,"column":38}},"type":"if","locations":[{"start":{"line":145,"column":6},"end":{"line":145,"column":38}},{"start":{},"end":{}}],"line":145},"16":{"loc":{"start":{"line":149,"column":8},"end":{"line":151,"column":9}},"type":"if","locations":[{"start":{"line":149,"column":8},"end":{"line":151,"column":9}},{"start":{},"end":{}}],"line":149},"17":{"loc":{"start":{"line":156,"column":6},"end":{"line":156,"column":36}},"type":"if","locations":[{"start":{"line":156,"column":6},"end":{"line":156,"column":36}},{"start":{},"end":{}}],"line":156},"18":{"loc":{"start":{"line":170,"column":8},"end":{"line":170,"column":42}},"type":"if","locations":[{"start":{"line":170,"column":8},"end":{"line":170,"column":42}},{"start":{},"end":{}}],"line":170},"19":{"loc":{"start":{"line":171,"column":8},"end":{"line":171,"column":54}},"type":"if","locations":[{"start":{"line":171,"column":8},"end":{"line":171,"column":54}},{"start":{},"end":{}}],"line":171},"20":{"loc":{"start":{"line":171,"column":12},"end":{"line":171,"column":44}},"type":"binary-expr","locations":[{"start":{"line":171,"column":12},"end":{"line":171,"column":20}},{"start":{"line":171,"column":24},"end":{"line":171,"column":44}}],"line":171},"21":{"loc":{"start":{"line":175,"column":10},"end":{"line":179,"column":11}},"type":"if","locations":[{"start":{"line":175,"column":10},"end":{"line":179,"column":11}},{"start":{"line":177,"column":17},"end":{"line":179,"column":11}}],"line":175},"22":{"loc":{"start":{"line":184,"column":6},"end":{"line":184,"column":44}},"type":"if","locations":[{"start":{"line":184,"column":6},"end":{"line":184,"column":44}},{"start":{},"end":{}}],"line":184},"23":{"loc":{"start":{"line":207,"column":6},"end":{"line":207,"column":38}},"type":"if","locations":[{"start":{"line":207,"column":6},"end":{"line":207,"column":38}},{"start":{},"end":{}}],"line":207},"24":{"loc":{"start":{"line":210,"column":26},"end":{"line":210,"column":45}},"type":"binary-expr","locations":[{"start":{"line":210,"column":26},"end":{"line":210,"column":39}},{"start":{"line":210,"column":43},"end":{"line":210,"column":45}}],"line":210},"25":{"loc":{"start":{"line":212,"column":10},"end":{"line":214,"column":11}},"type":"if","locations":[{"start":{"line":212,"column":10},"end":{"line":214,"column":11}},{"start":{},"end":{}}],"line":212}},"s":{"0":1,"1":1,"2":3,"3":3,"4":3,"5":3,"6":2,"7":1,"8":1,"9":1,"10":1,"11":2,"12":2,"13":6,"14":6,"15":2,"16":2,"17":1,"18":1,"19":1,"20":1,"21":1,"22":1,"23":4,"24":4,"25":1,"26":3,"27":3,"28":2,"29":2,"30":1,"31":1,"32":1,"33":2,"34":8,"35":8,"36":8,"37":1,"38":7,"39":7,"40":1,"41":6,"42":6,"43":6,"44":6,"45":6,"46":6,"47":1,"48":5,"49":5,"50":6,"51":6,"52":6,"53":1,"54":5,"55":1,"56":4,"57":4,"58":4,"59":1,"60":3,"61":4,"62":4,"63":1,"64":3,"65":3,"66":3,"67":3,"68":1,"69":2,"70":2,"71":2,"72":2,"73":2,"74":2},"f":{"0":1,"1":3,"2":3,"3":1,"4":2,"5":6,"6":1,"7":1,"8":3,"9":2,"10":1,"11":2,"12":8,"13":6,"14":6,"15":6,"16":3,"17":2,"18":2},"b":{"0":[1,1],"1":[1,0],"2":[2,4],"3":[2,2],"4":[1,1],"5":[1,0],"6":[4,3],"7":[4,3],"8":[4,3],"9":[4,4],"10":[1,3],"11":[1,1],"12":[6,2],"13":[8,6],"14":[1,7],"15":[1,6],"16":[6,0],"17":[1,5],"18":[1,5],"19":[1,4],"20":[5,5],"21":[1,3],"22":[1,3],"23":[1,2],"24":[2,0],"25":[2,0]},"_coverageSchema":"1a1c01bbd47fc00a2c39e90264f33305004495a9","hash":"55507d34b17cc15dc06a1b8542f1b7e28ea92ee2"}
,"/Users/ibrahim/Downloads/QRForPay/src/store/orderStore.ts": {"path":"/Users/ibrahim/Downloads/QRForPay/src/store/orderStore.ts","statementMap":{"0":{"start":{"line":27,"column":29},"end":{"line":253,"column":1}},"1":{"start":{"line":28,"column":23},"end":{"line":252,"column":3}},"2":{"start":{"line":41,"column":6},"end":{"line":43,"column":8}},"3":{"start":{"line":42,"column":8},"end":{"line":42,"column":30}},"4":{"start":{"line":45,"column":6},"end":{"line":124,"column":7}},"5":{"start":{"line":46,"column":25},"end":{"line":46,"column":76}},"6":{"start":{"line":46,"column":53},"end":{"line":46,"column":72}},"7":{"start":{"line":47,"column":31},"end":{"line":47,"column":58}},"8":{"start":{"line":49,"column":30},"end":{"line":49,"column":55}},"9":{"start":{"line":50,"column":26},"end":{"line":50,"column":67}},"10":{"start":{"line":51,"column":28},"end":{"line":51,"column":41}},"11":{"start":{"line":54,"column":51},"end":{"line":67,"column":19}},"12":{"start":{"line":69,"column":8},"end":{"line":69,"column":40}},"13":{"start":{"line":69,"column":24},"end":{"line":69,"column":40}},"14":{"start":{"line":72,"column":27},"end":{"line":78,"column":11}},"15":{"start":{"line":72,"column":48},"end":{"line":78,"column":9}},"16":{"start":{"line":80,"column":38},"end":{"line":82,"column":29}},"17":{"start":{"line":84,"column":8},"end":{"line":84,"column":40}},"18":{"start":{"line":84,"column":24},"end":{"line":84,"column":40}},"19":{"start":{"line":88,"column":10},"end":{"line":90,"column":23}},"20":{"start":{"line":92,"column":55},"end":{"line":103,"column":19}},"21":{"start":{"line":105,"column":8},"end":{"line":105,"column":44}},"22":{"start":{"line":105,"column":26},"end":{"line":105,"column":44}},"23":{"start":{"line":107,"column":42},"end":{"line":111,"column":9}},"24":{"start":{"line":109,"column":46},"end":{"line":109,"column":74}},"25":{"start":{"line":113,"column":8},"end":{"line":116,"column":10}},"26":{"start":{"line":114,"column":10},"end":{"line":114,"column":47}},"27":{"start":{"line":115,"column":10},"end":{"line":115,"column":33}},"28":{"start":{"line":118,"column":8},"end":{"line":118,"column":29}},"29":{"start":{"line":120,"column":8},"end":{"line":122,"column":10}},"30":{"start":{"line":121,"column":10},"end":{"line":121,"column":33}},"31":{"start":{"line":123,"column":8},"end":{"line":123,"column":17}},"32":{"start":{"line":128,"column":30},"end":{"line":128,"column":40}},"33":{"start":{"line":129,"column":6},"end":{"line":131,"column":7}},"34":{"start":{"line":130,"column":8},"end":{"line":130,"column":58}},"35":{"start":{"line":132,"column":24},"end":{"line":135,"column":26}},"36":{"start":{"line":137,"column":6},"end":{"line":137,"column":28}},"37":{"start":{"line":137,"column":17},"end":{"line":137,"column":28}},"38":{"start":{"line":139,"column":6},"end":{"line":145,"column":8}},"39":{"start":{"line":140,"column":22},"end":{"line":140,"column":64}},"40":{"start":{"line":140,"column":47},"end":{"line":140,"column":63}},"41":{"start":{"line":141,"column":8},"end":{"line":141,"column":47}},"42":{"start":{"line":141,"column":19},"end":{"line":141,"column":47}},"43":{"start":{"line":142,"column":8},"end":{"line":144,"column":9}},"44":{"start":{"line":143,"column":10},"end":{"line":143,"column":51}},"45":{"start":{"line":149,"column":38},"end":{"line":158,"column":32}},"46":{"start":{"line":160,"column":6},"end":{"line":160,"column":42}},"47":{"start":{"line":160,"column":24},"end":{"line":160,"column":42}},"48":{"start":{"line":162,"column":36},"end":{"line":168,"column":26}},"49":{"start":{"line":170,"column":6},"end":{"line":170,"column":38}},"50":{"start":{"line":170,"column":22},"end":{"line":170,"column":38}},"51":{"start":{"line":172,"column":6},"end":{"line":178,"column":8}},"52":{"start":{"line":173,"column":22},"end":{"line":173,"column":64}},"53":{"start":{"line":173,"column":47},"end":{"line":173,"column":63}},"54":{"start":{"line":174,"column":8},"end":{"line":174,"column":45}},"55":{"start":{"line":174,"column":19},"end":{"line":174,"column":45}},"56":{"start":{"line":175,"column":8},"end":{"line":177,"column":9}},"57":{"start":{"line":176,"column":10},"end":{"line":176,"column":49}},"58":{"start":{"line":182,"column":6},"end":{"line":184,"column":8}},"59":{"start":{"line":183,"column":8},"end":{"line":183,"column":30}},"60":{"start":{"line":186,"column":6},"end":{"line":216,"column":7}},"61":{"start":{"line":187,"column":32},"end":{"line":192,"column":23}},"62":{"start":{"line":194,"column":8},"end":{"line":194,"column":30}},"63":{"start":{"line":194,"column":19},"end":{"line":194,"column":30}},"64":{"start":{"line":196,"column":8},"end":{"line":211,"column":10}},"65":{"start":{"line":197,"column":10},"end":{"line":209,"column":32}},"66":{"start":{"line":199,"column":31},"end":{"line":199,"column":82}},"67":{"start":{"line":200,"column":39},"end":{"line":200,"column":84}},"68":{"start":{"line":201,"column":28},"end":{"line":203,"column":25}},"69":{"start":{"line":204,"column":12},"end":{"line":208,"column":13}},"70":{"start":{"line":210,"column":10},"end":{"line":210,"column":33}},"71":{"start":{"line":213,"column":8},"end":{"line":215,"column":10}},"72":{"start":{"line":214,"column":10},"end":{"line":214,"column":33}},"73":{"start":{"line":220,"column":22},"end":{"line":246,"column":20}},"74":{"start":{"line":231,"column":31},"end":{"line":231,"column":53}},"75":{"start":{"line":232,"column":12},"end":{"line":239,"column":14}},"76":{"start":{"line":233,"column":14},"end":{"line":238,"column":15}},"77":{"start":{"line":234,"column":16},"end":{"line":234,"column":55}},"78":{"start":{"line":235,"column":16},"end":{"line":237,"column":17}},"79":{"start":{"line":236,"column":18},"end":{"line":236,"column":57}},"80":{"start":{"line":241,"column":12},"end":{"line":243,"column":13}},"81":{"start":{"line":242,"column":14},"end":{"line":242,"column":62}},"82":{"start":{"line":248,"column":6},"end":{"line":250,"column":7}},"83":{"start":{"line":249,"column":8},"end":{"line":249,"column":29}}},"fnMap":{"0":{"name":"(anonymous_0)","decl":{"start":{"line":28,"column":8},"end":{"line":28,"column":9}},"loc":{"start":{"line":28,"column":23},"end":{"line":252,"column":3}},"line":28},"1":{"name":"(anonymous_1)","decl":{"start":{"line":33,"column":17},"end":{"line":33,"column":18}},"loc":{"start":{"line":40,"column":25},"end":{"line":125,"column":5}},"line":40},"2":{"name":"(anonymous_2)","decl":{"start":{"line":41,"column":10},"end":{"line":41,"column":11}},"loc":{"start":{"line":41,"column":21},"end":{"line":43,"column":7}},"line":41},"3":{"name":"(anonymous_3)","decl":{"start":{"line":46,"column":38},"end":{"line":46,"column":39}},"loc":{"start":{"line":46,"column":53},"end":{"line":46,"column":72}},"line":46},"4":{"name":"(anonymous_4)","decl":{"start":{"line":72,"column":37},"end":{"line":72,"column":38}},"loc":{"start":{"line":72,"column":48},"end":{"line":78,"column":9}},"line":72},"5":{"name":"(anonymous_5)","decl":{"start":{"line":109,"column":32},"end":{"line":109,"column":33}},"loc":{"start":{"line":109,"column":46},"end":{"line":109,"column":74}},"line":109},"6":{"name":"(anonymous_6)","decl":{"start":{"line":113,"column":12},"end":{"line":113,"column":13}},"loc":{"start":{"line":113,"column":23},"end":{"line":116,"column":9}},"line":113},"7":{"name":"(anonymous_7)","decl":{"start":{"line":120,"column":12},"end":{"line":120,"column":13}},"loc":{"start":{"line":120,"column":23},"end":{"line":122,"column":9}},"line":120},"8":{"name":"(anonymous_8)","decl":{"start":{"line":127,"column":23},"end":{"line":127,"column":24}},"loc":{"start":{"line":127,"column":66},"end":{"line":146,"column":5}},"line":127},"9":{"name":"(anonymous_9)","decl":{"start":{"line":139,"column":10},"end":{"line":139,"column":11}},"loc":{"start":{"line":139,"column":21},"end":{"line":145,"column":7}},"line":139},"10":{"name":"(anonymous_10)","decl":{"start":{"line":140,"column":40},"end":{"line":140,"column":41}},"loc":{"start":{"line":140,"column":47},"end":{"line":140,"column":63}},"line":140},"11":{"name":"(anonymous_11)","decl":{"start":{"line":148,"column":19},"end":{"line":148,"column":20}},"loc":{"start":{"line":148,"column":136},"end":{"line":179,"column":5}},"line":148},"12":{"name":"(anonymous_12)","decl":{"start":{"line":172,"column":10},"end":{"line":172,"column":11}},"loc":{"start":{"line":172,"column":21},"end":{"line":178,"column":7}},"line":172},"13":{"name":"(anonymous_13)","decl":{"start":{"line":173,"column":40},"end":{"line":173,"column":41}},"loc":{"start":{"line":173,"column":47},"end":{"line":173,"column":63}},"line":173},"14":{"name":"(anonymous_14)","decl":{"start":{"line":181,"column":17},"end":{"line":181,"column":18}},"loc":{"start":{"line":181,"column":63},"end":{"line":217,"column":5}},"line":181},"15":{"name":"(anonymous_15)","decl":{"start":{"line":182,"column":10},"end":{"line":182,"column":11}},"loc":{"start":{"line":182,"column":21},"end":{"line":184,"column":7}},"line":182},"16":{"name":"(anonymous_16)","decl":{"start":{"line":196,"column":12},"end":{"line":196,"column":13}},"loc":{"start":{"line":196,"column":23},"end":{"line":211,"column":9}},"line":196},"17":{"name":"(anonymous_17)","decl":{"start":{"line":197,"column":42},"end":{"line":197,"column":43}},"loc":{"start":{"line":197,"column":54},"end":{"line":209,"column":11}},"line":197},"18":{"name":"(anonymous_18)","decl":{"start":{"line":213,"column":12},"end":{"line":213,"column":13}},"loc":{"start":{"line":213,"column":23},"end":{"line":215,"column":9}},"line":213},"19":{"name":"(anonymous_19)","decl":{"start":{"line":219,"column":22},"end":{"line":219,"column":23}},"loc":{"start":{"line":219,"column":43},"end":{"line":251,"column":5}},"line":219},"20":{"name":"(anonymous_20)","decl":{"start":{"line":230,"column":10},"end":{"line":230,"column":11}},"loc":{"start":{"line":230,"column":23},"end":{"line":244,"column":11}},"line":230},"21":{"name":"(anonymous_21)","decl":{"start":{"line":232,"column":16},"end":{"line":232,"column":17}},"loc":{"start":{"line":232,"column":27},"end":{"line":239,"column":13}},"line":232},"22":{"name":"(anonymous_22)","decl":{"start":{"line":248,"column":13},"end":{"line":248,"column":14}},"loc":{"start":{"line":248,"column":19},"end":{"line":250,"column":7}},"line":248}},"branchMap":{"0":{"loc":{"start":{"line":38,"column":6},"end":{"line":38,"column":26}},"type":"default-arg","locations":[{"start":{"line":38,"column":25},"end":{"line":38,"column":26}}],"line":38},"1":{"loc":{"start":{"line":39,"column":6},"end":{"line":39,"column":39}},"type":"default-arg","locations":[{"start":{"line":39,"column":24},"end":{"line":39,"column":39}}],"line":39},"2":{"loc":{"start":{"line":69,"column":8},"end":{"line":69,"column":40}},"type":"if","locations":[{"start":{"line":69,"column":8},"end":{"line":69,"column":40}},{"start":{},"end":{}}],"line":69},"3":{"loc":{"start":{"line":84,"column":8},"end":{"line":84,"column":40}},"type":"if","locations":[{"start":{"line":84,"column":8},"end":{"line":84,"column":40}},{"start":{},"end":{}}],"line":84},"4":{"loc":{"start":{"line":88,"column":10},"end":{"line":90,"column":23}},"type":"cond-expr","locations":[{"start":{"line":89,"column":14},"end":{"line":89,"column":72}},{"start":{"line":90,"column":14},"end":{"line":90,"column":23}}],"line":88},"5":{"loc":{"start":{"line":105,"column":8},"end":{"line":105,"column":44}},"type":"if","locations":[{"start":{"line":105,"column":8},"end":{"line":105,"column":44}},{"start":{},"end":{}}],"line":105},"6":{"loc":{"start":{"line":129,"column":6},"end":{"line":131,"column":7}},"type":"if","locations":[{"start":{"line":129,"column":6},"end":{"line":131,"column":7}},{"start":{},"end":{}}],"line":129},"7":{"loc":{"start":{"line":137,"column":6},"end":{"line":137,"column":28}},"type":"if","locations":[{"start":{"line":137,"column":6},"end":{"line":137,"column":28}},{"start":{},"end":{}}],"line":137},"8":{"loc":{"start":{"line":141,"column":8},"end":{"line":141,"column":47}},"type":"if","locations":[{"start":{"line":141,"column":8},"end":{"line":141,"column":47}},{"start":{},"end":{}}],"line":141},"9":{"loc":{"start":{"line":142,"column":8},"end":{"line":144,"column":9}},"type":"if","locations":[{"start":{"line":142,"column":8},"end":{"line":144,"column":9}},{"start":{},"end":{}}],"line":142},"10":{"loc":{"start":{"line":155,"column":24},"end":{"line":155,"column":43}},"type":"binary-expr","locations":[{"start":{"line":155,"column":24},"end":{"line":155,"column":35}},{"start":{"line":155,"column":39},"end":{"line":155,"column":43}}],"line":155},"11":{"loc":{"start":{"line":160,"column":6},"end":{"line":160,"column":42}},"type":"if","locations":[{"start":{"line":160,"column":6},"end":{"line":160,"column":42}},{"start":{},"end":{}}],"line":160},"12":{"loc":{"start":{"line":170,"column":6},"end":{"line":170,"column":38}},"type":"if","locations":[{"start":{"line":170,"column":6},"end":{"line":170,"column":38}},{"start":{},"end":{}}],"line":170},"13":{"loc":{"start":{"line":174,"column":8},"end":{"line":174,"column":45}},"type":"if","locations":[{"start":{"line":174,"column":8},"end":{"line":174,"column":45}},{"start":{},"end":{}}],"line":174},"14":{"loc":{"start":{"line":175,"column":8},"end":{"line":177,"column":9}},"type":"if","locations":[{"start":{"line":175,"column":8},"end":{"line":177,"column":9}},{"start":{},"end":{}}],"line":175},"15":{"loc":{"start":{"line":181,"column":40},"end":{"line":181,"column":58}},"type":"default-arg","locations":[{"start":{"line":181,"column":56},"end":{"line":181,"column":58}}],"line":181},"16":{"loc":{"start":{"line":194,"column":8},"end":{"line":194,"column":30}},"type":"if","locations":[{"start":{"line":194,"column":8},"end":{"line":194,"column":30}},{"start":{},"end":{}}],"line":194},"17":{"loc":{"start":{"line":197,"column":26},"end":{"line":197,"column":36}},"type":"binary-expr","locations":[{"start":{"line":197,"column":26},"end":{"line":197,"column":30}},{"start":{"line":197,"column":34},"end":{"line":197,"column":36}}],"line":197},"18":{"loc":{"start":{"line":199,"column":31},"end":{"line":199,"column":82}},"type":"cond-expr","locations":[{"start":{"line":199,"column":58},"end":{"line":199,"column":70}},{"start":{"line":199,"column":73},"end":{"line":199,"column":82}}],"line":199},"19":{"loc":{"start":{"line":200,"column":39},"end":{"line":200,"column":84}},"type":"binary-expr","locations":[{"start":{"line":200,"column":39},"end":{"line":200,"column":71}},{"start":{"line":200,"column":75},"end":{"line":200,"column":84}}],"line":200},"20":{"loc":{"start":{"line":201,"column":28},"end":{"line":203,"column":25}},"type":"cond-expr","locations":[{"start":{"line":202,"column":16},"end":{"line":202,"column":66}},{"start":{"line":203,"column":16},"end":{"line":203,"column":25}}],"line":201},"21":{"loc":{"start":{"line":233,"column":14},"end":{"line":238,"column":15}},"type":"if","locations":[{"start":{"line":233,"column":14},"end":{"line":238,"column":15}},{"start":{},"end":{}}],"line":233},"22":{"loc":{"start":{"line":235,"column":16},"end":{"line":237,"column":17}},"type":"if","locations":[{"start":{"line":235,"column":16},"end":{"line":237,"column":17}},{"start":{},"end":{}}],"line":235},"23":{"loc":{"start":{"line":241,"column":12},"end":{"line":243,"column":13}},"type":"if","locations":[{"start":{"line":241,"column":12},"end":{"line":243,"column":13}},{"start":{},"end":{}}],"line":241},"24":{"loc":{"start":{"line":241,"column":16},"end":{"line":241,"column":80}},"type":"binary-expr","locations":[{"start":{"line":241,"column":16},"end":{"line":241,"column":47}},{"start":{"line":241,"column":51},"end":{"line":241,"column":80}}],"line":241}},"s":{"0":2,"1":2,"2":5,"3":5,"4":5,"5":5,"6":3,"7":5,"8":5,"9":5,"10":5,"11":5,"12":5,"13":2,"14":3,"15":3,"16":3,"17":3,"18":0,"19":3,"20":3,"21":3,"22":0,"23":3,"24":3,"25":3,"26":3,"27":3,"28":3,"29":2,"30":2,"31":2,"32":4,"33":4,"34":1,"35":4,"36":4,"37":1,"38":3,"39":3,"40":4,"41":3,"42":0,"43":3,"44":0,"45":10,"46":10,"47":2,"48":8,"49":8,"50":1,"51":7,"52":7,"53":4,"54":7,"55":0,"56":7,"57":2,"58":2,"59":2,"60":2,"61":2,"62":2,"63":1,"64":1,"65":1,"66":2,"67":2,"68":2,"69":2,"70":1,"71":1,"72":1,"73":3,"74":3,"75":3,"76":3,"77":3,"78":3,"79":3,"80":3,"81":2,"82":3,"83":1},"f":{"0":2,"1":5,"2":5,"3":3,"4":3,"5":3,"6":3,"7":2,"8":4,"9":3,"10":4,"11":10,"12":7,"13":4,"14":2,"15":2,"16":1,"17":2,"18":1,"19":3,"20":3,"21":3,"22":1},"b":{"0":[0],"1":[0],"2":[2,3],"3":[0,3],"4":[1,2],"5":[0,3],"6":[1,3],"7":[1,3],"8":[0,3],"9":[0,3],"10":[10,7],"11":[2,8],"12":[1,7],"13":[0,7],"14":[2,5],"15":[2],"16":[1,1],"17":[1,0],"18":[0,2],"19":[2,2],"20":[0,2],"21":[3,0],"22":[3,0],"23":[2,1],"24":[3,3]},"_coverageSchema":"1a1c01bbd47fc00a2c39e90264f33305004495a9","hash":"a22200aef0ef136d96e444f7dd2316c4df9e8316"}
,"/Users/ibrahim/Downloads/QRForPay/src/store/productStore.ts": {"path":"/Users/ibrahim/Downloads/QRForPay/src/store/productStore.ts","statementMap":{"0":{"start":{"line":24,"column":31},"end":{"line":137,"column":1}},"1":{"start":{"line":25,"column":23},"end":{"line":136,"column":3}},"2":{"start":{"line":34,"column":6},"end":{"line":37,"column":8}},"3":{"start":{"line":35,"column":8},"end":{"line":35,"column":30}},"4":{"start":{"line":36,"column":8},"end":{"line":36,"column":26}},"5":{"start":{"line":38,"column":6},"end":{"line":57,"column":7}},"6":{"start":{"line":39,"column":32},"end":{"line":44,"column":24}},"7":{"start":{"line":46,"column":8},"end":{"line":46,"column":30}},"8":{"start":{"line":46,"column":19},"end":{"line":46,"column":30}},"9":{"start":{"line":48,"column":8},"end":{"line":51,"column":10}},"10":{"start":{"line":49,"column":10},"end":{"line":49,"column":44}},"11":{"start":{"line":50,"column":10},"end":{"line":50,"column":33}},"12":{"start":{"line":53,"column":8},"end":{"line":56,"column":10}},"13":{"start":{"line":54,"column":10},"end":{"line":54,"column":65}},"14":{"start":{"line":55,"column":10},"end":{"line":55,"column":33}},"15":{"start":{"line":61,"column":6},"end":{"line":77,"column":7}},"16":{"start":{"line":62,"column":32},"end":{"line":66,"column":30}},"17":{"start":{"line":68,"column":8},"end":{"line":68,"column":30}},"18":{"start":{"line":68,"column":19},"end":{"line":68,"column":30}},"19":{"start":{"line":70,"column":8},"end":{"line":72,"column":10}},"20":{"start":{"line":71,"column":10},"end":{"line":71,"column":47}},"21":{"start":{"line":74,"column":8},"end":{"line":76,"column":10}},"22":{"start":{"line":75,"column":10},"end":{"line":75,"column":67}},"23":{"start":{"line":81,"column":6},"end":{"line":83,"column":8}},"24":{"start":{"line":82,"column":8},"end":{"line":82,"column":45}},"25":{"start":{"line":86,"column":6},"end":{"line":88,"column":8}},"26":{"start":{"line":87,"column":8},"end":{"line":87,"column":33}},"27":{"start":{"line":91,"column":6},"end":{"line":93,"column":8}},"28":{"start":{"line":92,"column":8},"end":{"line":92,"column":33}},"29":{"start":{"line":96,"column":6},"end":{"line":101,"column":8}},"30":{"start":{"line":97,"column":24},"end":{"line":97,"column":70}},"31":{"start":{"line":97,"column":51},"end":{"line":97,"column":69}},"32":{"start":{"line":98,"column":8},"end":{"line":100,"column":9}},"33":{"start":{"line":99,"column":10},"end":{"line":99,"column":58}},"34":{"start":{"line":104,"column":21},"end":{"line":104,"column":37}},"35":{"start":{"line":105,"column":6},"end":{"line":128,"column":7}},"36":{"start":{"line":106,"column":26},"end":{"line":111,"column":36}},"37":{"start":{"line":112,"column":8},"end":{"line":112,"column":30}},"38":{"start":{"line":112,"column":19},"end":{"line":112,"column":30}},"39":{"start":{"line":113,"column":8},"end":{"line":116,"column":10}},"40":{"start":{"line":114,"column":22},"end":{"line":114,"column":78}},"41":{"start":{"line":114,"column":54},"end":{"line":114,"column":77}},"42":{"start":{"line":115,"column":10},"end":{"line":115,"column":73}},"43":{"start":{"line":115,"column":26},"end":{"line":115,"column":73}},"44":{"start":{"line":118,"column":32},"end":{"line":125,"column":28}},"45":{"start":{"line":126,"column":8},"end":{"line":126,"column":30}},"46":{"start":{"line":126,"column":19},"end":{"line":126,"column":30}},"47":{"start":{"line":127,"column":8},"end":{"line":127,"column":64}},"48":{"start":{"line":127,"column":25},"end":{"line":127,"column":61}},"49":{"start":{"line":132,"column":24},"end":{"line":132,"column":142}},"50":{"start":{"line":133,"column":6},"end":{"line":133,"column":28}},"51":{"start":{"line":133,"column":17},"end":{"line":133,"column":28}},"52":{"start":{"line":134,"column":6},"end":{"line":134,"column":91}},"53":{"start":{"line":134,"column":23},"end":{"line":134,"column":88}},"54":{"start":{"line":134,"column":69},"end":{"line":134,"column":87}},"55":{"start":{"line":140,"column":38},"end":{"line":157,"column":1}},"56":{"start":{"line":141,"column":15},"end":{"line":141,"column":29}},"57":{"start":{"line":143,"column":2},"end":{"line":145,"column":3}},"58":{"start":{"line":144,"column":4},"end":{"line":144,"column":77}},"59":{"start":{"line":144,"column":34},"end":{"line":144,"column":76}},"60":{"start":{"line":147,"column":2},"end":{"line":154,"column":3}},"61":{"start":{"line":148,"column":18},"end":{"line":148,"column":56}},"62":{"start":{"line":149,"column":4},"end":{"line":153,"column":5}},"63":{"start":{"line":151,"column":8},"end":{"line":152,"column":54}},"64":{"start":{"line":156,"column":2},"end":{"line":156,"column":15}}},"fnMap":{"0":{"name":"(anonymous_0)","decl":{"start":{"line":25,"column":8},"end":{"line":25,"column":9}},"loc":{"start":{"line":25,"column":23},"end":{"line":136,"column":3}},"line":25},"1":{"name":"(anonymous_1)","decl":{"start":{"line":33,"column":19},"end":{"line":33,"column":20}},"loc":{"start":{"line":33,"column":45},"end":{"line":58,"column":5}},"line":33},"2":{"name":"(anonymous_2)","decl":{"start":{"line":34,"column":10},"end":{"line":34,"column":11}},"loc":{"start":{"line":34,"column":21},"end":{"line":37,"column":7}},"line":34},"3":{"name":"(anonymous_3)","decl":{"start":{"line":48,"column":12},"end":{"line":48,"column":13}},"loc":{"start":{"line":48,"column":23},"end":{"line":51,"column":9}},"line":48},"4":{"name":"(anonymous_4)","decl":{"start":{"line":53,"column":12},"end":{"line":53,"column":13}},"loc":{"start":{"line":53,"column":23},"end":{"line":56,"column":9}},"line":53},"5":{"name":"(anonymous_5)","decl":{"start":{"line":60,"column":21},"end":{"line":60,"column":22}},"loc":{"start":{"line":60,"column":47},"end":{"line":78,"column":5}},"line":60},"6":{"name":"(anonymous_6)","decl":{"start":{"line":70,"column":12},"end":{"line":70,"column":13}},"loc":{"start":{"line":70,"column":23},"end":{"line":72,"column":9}},"line":70},"7":{"name":"(anonymous_7)","decl":{"start":{"line":74,"column":12},"end":{"line":74,"column":13}},"loc":{"start":{"line":74,"column":23},"end":{"line":76,"column":9}},"line":74},"8":{"name":"(anonymous_8)","decl":{"start":{"line":80,"column":17},"end":{"line":80,"column":18}},"loc":{"start":{"line":81,"column":6},"end":{"line":83,"column":8}},"line":81},"9":{"name":"(anonymous_9)","decl":{"start":{"line":81,"column":10},"end":{"line":81,"column":11}},"loc":{"start":{"line":81,"column":21},"end":{"line":83,"column":7}},"line":81},"10":{"name":"(anonymous_10)","decl":{"start":{"line":85,"column":15},"end":{"line":85,"column":16}},"loc":{"start":{"line":86,"column":6},"end":{"line":88,"column":8}},"line":86},"11":{"name":"(anonymous_11)","decl":{"start":{"line":86,"column":10},"end":{"line":86,"column":11}},"loc":{"start":{"line":86,"column":21},"end":{"line":88,"column":7}},"line":86},"12":{"name":"(anonymous_12)","decl":{"start":{"line":90,"column":17},"end":{"line":90,"column":18}},"loc":{"start":{"line":91,"column":6},"end":{"line":93,"column":8}},"line":91},"13":{"name":"(anonymous_13)","decl":{"start":{"line":91,"column":10},"end":{"line":91,"column":11}},"loc":{"start":{"line":91,"column":21},"end":{"line":93,"column":7}},"line":91},"14":{"name":"(anonymous_14)","decl":{"start":{"line":95,"column":17},"end":{"line":95,"column":18}},"loc":{"start":{"line":96,"column":6},"end":{"line":101,"column":8}},"line":96},"15":{"name":"(anonymous_15)","decl":{"start":{"line":96,"column":10},"end":{"line":96,"column":11}},"loc":{"start":{"line":96,"column":21},"end":{"line":101,"column":7}},"line":96},"16":{"name":"(anonymous_16)","decl":{"start":{"line":97,"column":44},"end":{"line":97,"column":45}},"loc":{"start":{"line":97,"column":51},"end":{"line":97,"column":69}},"line":97},"17":{"name":"(anonymous_17)","decl":{"start":{"line":103,"column":17},"end":{"line":103,"column":18}},"loc":{"start":{"line":103,"column":48},"end":{"line":129,"column":5}},"line":103},"18":{"name":"(anonymous_18)","decl":{"start":{"line":113,"column":12},"end":{"line":113,"column":13}},"loc":{"start":{"line":113,"column":23},"end":{"line":116,"column":9}},"line":113},"19":{"name":"(anonymous_19)","decl":{"start":{"line":114,"column":47},"end":{"line":114,"column":48}},"loc":{"start":{"line":114,"column":54},"end":{"line":114,"column":77}},"line":114},"20":{"name":"(anonymous_20)","decl":{"start":{"line":127,"column":12},"end":{"line":127,"column":13}},"loc":{"start":{"line":127,"column":23},"end":{"line":127,"column":63}},"line":127},"21":{"name":"(anonymous_21)","decl":{"start":{"line":131,"column":19},"end":{"line":131,"column":20}},"loc":{"start":{"line":131,"column":40},"end":{"line":135,"column":5}},"line":131},"22":{"name":"(anonymous_22)","decl":{"start":{"line":134,"column":10},"end":{"line":134,"column":11}},"loc":{"start":{"line":134,"column":21},"end":{"line":134,"column":90}},"line":134},"23":{"name":"(anonymous_23)","decl":{"start":{"line":134,"column":62},"end":{"line":134,"column":63}},"loc":{"start":{"line":134,"column":69},"end":{"line":134,"column":87}},"line":134},"24":{"name":"(anonymous_24)","decl":{"start":{"line":140,"column":38},"end":{"line":140,"column":39}},"loc":{"start":{"line":140,"column":74},"end":{"line":157,"column":1}},"line":140},"25":{"name":"(anonymous_25)","decl":{"start":{"line":144,"column":27},"end":{"line":144,"column":28}},"loc":{"start":{"line":144,"column":34},"end":{"line":144,"column":76}},"line":144},"26":{"name":"(anonymous_26)","decl":{"start":{"line":150,"column":6},"end":{"line":150,"column":7}},"loc":{"start":{"line":151,"column":8},"end":{"line":152,"column":54}},"line":151}},"branchMap":{"0":{"loc":{"start":{"line":46,"column":8},"end":{"line":46,"column":30}},"type":"if","locations":[{"start":{"line":46,"column":8},"end":{"line":46,"column":30}},{"start":{},"end":{}}],"line":46},"1":{"loc":{"start":{"line":54,"column":24},"end":{"line":54,"column":65}},"type":"binary-expr","locations":[{"start":{"line":54,"column":24},"end":{"line":54,"column":35}},{"start":{"line":54,"column":39},"end":{"line":54,"column":65}}],"line":54},"2":{"loc":{"start":{"line":68,"column":8},"end":{"line":68,"column":30}},"type":"if","locations":[{"start":{"line":68,"column":8},"end":{"line":68,"column":30}},{"start":{},"end":{}}],"line":68},"3":{"loc":{"start":{"line":75,"column":24},"end":{"line":75,"column":67}},"type":"binary-expr","locations":[{"start":{"line":75,"column":24},"end":{"line":75,"column":35}},{"start":{"line":75,"column":39},"end":{"line":75,"column":67}}],"line":75},"4":{"loc":{"start":{"line":98,"column":8},"end":{"line":100,"column":9}},"type":"if","locations":[{"start":{"line":98,"column":8},"end":{"line":100,"column":9}},{"start":{},"end":{}}],"line":98},"5":{"loc":{"start":{"line":105,"column":6},"end":{"line":128,"column":7}},"type":"if","locations":[{"start":{"line":105,"column":6},"end":{"line":128,"column":7}},{"start":{"line":117,"column":13},"end":{"line":128,"column":7}}],"line":105},"6":{"loc":{"start":{"line":109,"column":23},"end":{"line":109,"column":54}},"type":"binary-expr","locations":[{"start":{"line":109,"column":23},"end":{"line":109,"column":46}},{"start":{"line":109,"column":50},"end":{"line":109,"column":54}}],"line":109},"7":{"loc":{"start":{"line":110,"column":17},"end":{"line":110,"column":39}},"type":"binary-expr","locations":[{"start":{"line":110,"column":17},"end":{"line":110,"column":34}},{"start":{"line":110,"column":38},"end":{"line":110,"column":39}}],"line":110},"8":{"loc":{"start":{"line":112,"column":8},"end":{"line":112,"column":30}},"type":"if","locations":[{"start":{"line":112,"column":8},"end":{"line":112,"column":30}},{"start":{},"end":{}}],"line":112},"9":{"loc":{"start":{"line":115,"column":10},"end":{"line":115,"column":73}},"type":"if","locations":[{"start":{"line":115,"column":10},"end":{"line":115,"column":73}},{"start":{},"end":{}}],"line":115},"10":{"loc":{"start":{"line":122,"column":23},"end":{"line":122,"column":54}},"type":"binary-expr","locations":[{"start":{"line":122,"column":23},"end":{"line":122,"column":46}},{"start":{"line":122,"column":50},"end":{"line":122,"column":54}}],"line":122},"11":{"loc":{"start":{"line":123,"column":17},"end":{"line":123,"column":39}},"type":"binary-expr","locations":[{"start":{"line":123,"column":17},"end":{"line":123,"column":34}},{"start":{"line":123,"column":38},"end":{"line":123,"column":39}}],"line":123},"12":{"loc":{"start":{"line":126,"column":8},"end":{"line":126,"column":30}},"type":"if","locations":[{"start":{"line":126,"column":8},"end":{"line":126,"column":30}},{"start":{},"end":{}}],"line":126},"13":{"loc":{"start":{"line":133,"column":6},"end":{"line":133,"column":28}},"type":"if","locations":[{"start":{"line":133,"column":6},"end":{"line":133,"column":28}},{"start":{},"end":{}}],"line":133},"14":{"loc":{"start":{"line":143,"column":2},"end":{"line":145,"column":3}},"type":"if","locations":[{"start":{"line":143,"column":2},"end":{"line":145,"column":3}},{"start":{},"end":{}}],"line":143},"15":{"loc":{"start":{"line":147,"column":2},"end":{"line":154,"column":3}},"type":"if","locations":[{"start":{"line":147,"column":2},"end":{"line":154,"column":3}},{"start":{},"end":{}}],"line":147},"16":{"loc":{"start":{"line":151,"column":8},"end":{"line":152,"column":54}},"type":"binary-expr","locations":[{"start":{"line":151,"column":8},"end":{"line":151,"column":44}},{"start":{"line":152,"column":9},"end":{"line":152,"column":14}},{"start":{"line":152,"column":18},"end":{"line":152,"column":53}}],"line":151}},"s":{"0":1,"1":1,"2":3,"3":3,"4":3,"5":3,"6":3,"7":3,"8":2,"9":1,"10":1,"11":1,"12":2,"13":2,"14":2,"15":3,"16":3,"17":3,"18":2,"19":1,"20":1,"21":2,"22":2,"23":19,"24":19,"25":19,"26":19,"27":34,"28":34,"29":2,"30":2,"31":2,"32":2,"33":2,"34":5,"35":5,"36":2,"37":2,"38":1,"39":1,"40":1,"41":1,"42":1,"43":1,"44":3,"45":3,"46":1,"47":2,"48":2,"49":3,"50":3,"51":1,"52":2,"53":2,"54":3,"55":1,"56":7,"57":7,"58":2,"59":6,"60":7,"61":4,"62":4,"63":9,"64":7},"f":{"0":1,"1":3,"2":3,"3":1,"4":2,"5":3,"6":1,"7":2,"8":19,"9":19,"10":19,"11":19,"12":34,"13":34,"14":2,"15":2,"16":2,"17":5,"18":1,"19":1,"20":2,"21":3,"22":2,"23":3,"24":7,"25":6,"26":9},"b":{"0":[2,1],"1":[2,1],"2":[2,1],"3":[2,1],"4":[2,0],"5":[2,3],"6":[2,2],"7":[2,2],"8":[1,1],"9":[1,0],"10":[3,3],"11":[3,2],"12":[1,2],"13":[1,2],"14":[2,5],"15":[4,3],"16":[9,3,1]},"_coverageSchema":"1a1c01bbd47fc00a2c39e90264f33305004495a9","hash":"a85e3b6be78943c1f5f781070bee2ee8712c94b9"}
,"/Users/ibrahim/Downloads/QRForPay/src/types/database.ts": {"path":"/Users/ibrahim/Downloads/QRForPay/src/types/database.ts","statementMap":{},"fnMap":{},"branchMap":{},"s":{},"f":{},"b":{}}
,"/Users/ibrahim/Downloads/QRForPay/src/types/index.ts": {"path":"/Users/ibrahim/Downloads/QRForPay/src/types/index.ts","statementMap":{},"fnMap":{},"branchMap":{},"s":{},"f":{},"b":{}}
}
