TN:
SF:src/lib/qr.ts
FN:7,tlv
FN:12,formatPhoneForPromptPay
FN:21,formatTaxIdForPromptPay
FN:25,crc16
FN:41,generatePromptPayPayload
FN:77,generateQRReference
FN:83,pollPaymentStatus
FN:88,(anonymous_7)
FN:91,(anonymous_8)
FN:110,(anonymous_9)
FNF:10
FNH:6
FNDA:100,tlv
FNDA:9,formatPhoneForPromptPay
FNDA:1,formatTaxIdForPromptPay
FNDA:10,crc16
FNDA:13,generatePromptPayPayload
FNDA:111,generateQRReference
FNDA:0,pollPaymentStatus
FNDA:0,(anonymous_7)
FNDA:0,(anonymous_8)
FNDA:0,(anonymous_9)
DA:8,100
DA:9,100
DA:14,9
DA:15,9
DA:16,9
DA:18,0
DA:22,1
DA:27,10
DA:28,10
DA:29,1000
DA:30,1000
DA:31,8000
DA:32,4112
DA:34,3888
DA:38,10
DA:45,13
DA:46,11
DA:48,10
DA:51,10
DA:53,10
DA:54,9
DA:56,1
DA:60,10
DA:61,10
DA:62,10
DA:63,10
DA:64,10
DA:65,10
DA:66,10
DA:67,10
DA:70,10
DA:71,10
DA:72,10
DA:74,10
DA:78,111
DA:79,111
DA:80,111
DA:88,0
DA:89,0
DA:91,0
DA:92,0
DA:93,0
DA:94,0
DA:95,0
DA:96,0
DA:100,0
DA:111,0
DA:112,0
DA:114,0
DA:115,0
DA:116,0
DA:117,0
DA:118,0
DA:119,0
DA:120,0
DA:121,0
DA:122,0
DA:123,0
LF:58
LH:36
BRDA:15,0,0,9
BRDA:15,0,1,0
BRDA:31,1,0,4112
BRDA:31,1,1,3888
BRDA:45,2,0,2
BRDA:45,2,1,11
BRDA:46,3,0,1
BRDA:46,3,1,10
BRDA:53,4,0,9
BRDA:53,4,1,1
BRDA:85,5,0,0
BRDA:92,6,0,0
BRDA:92,6,1,0
BRDA:114,7,0,0
BRDA:114,7,1,0
BRDA:114,8,0,0
BRDA:114,8,1,0
BRDA:119,9,0,0
BRDA:119,9,1,0
BRDA:119,10,0,0
BRDA:119,10,1,0
BRF:21
BRH:9
end_of_record
TN:
SF:src/lib/receipt.ts
FN:3,formatThaiCurrency
FN:10,calculateChange
FN:14,generateOrderNumber
FN:23,formatReceipt
FNF:4
FNH:4
FNDA:14,formatThaiCurrency
FNDA:3,calculateChange
FNDA:2,generateOrderNumber
FNDA:3,formatReceipt
DA:4,14
DA:11,3
DA:15,2
DA:16,2
DA:19,2
DA:20,2
DA:24,3
DA:25,3
DA:27,3
DA:28,3
DA:29,3
DA:30,3
DA:31,3
DA:32,3
DA:34,3
DA:35,2
DA:36,2
DA:37,2
DA:38,2
DA:41,3
DA:42,3
DA:44,3
DA:45,1
DA:48,3
DA:49,3
DA:50,3
DA:51,3
DA:52,3
DA:53,3
DA:54,3
DA:55,3
DA:57,3
LF:32
LH:32
BRDA:42,0,0,3
BRDA:42,0,1,0
BRDA:44,1,0,1
BRDA:44,1,1,2
BRDA:48,2,0,3
BRDA:48,2,1,0
BRDA:50,3,0,3
BRDA:50,3,1,0
BRDA:52,4,0,3
BRDA:52,4,1,0
BRF:10
BRH:6
end_of_record
TN:
SF:src/lib/supabase.ts
FNF:0
FNH:0
DA:5,0
LF:1
LH:0
BRF:0
BRH:0
end_of_record
TN:
SF:src/store/authStore.ts
FN:28,(anonymous_0)
FN:35,(anonymous_1)
FN:36,(anonymous_2)
FN:64,(anonymous_3)
FN:76,(anonymous_4)
FN:83,(anonymous_5)
FN:84,(anonymous_6)
FN:118,(anonymous_7)
FN:128,(anonymous_8)
FN:135,(anonymous_9)
FN:137,(anonymous_10)
FN:144,(anonymous_11)
FN:171,(anonymous_12)
FNF:13
FNH:13
FNDA:1,(anonymous_0)
FNDA:4,(anonymous_1)
FNDA:4,(anonymous_2)
FNDA:2,(anonymous_3)
FNDA:4,(anonymous_4)
FNDA:4,(anonymous_5)
FNDA:4,(anonymous_6)
FNDA:2,(anonymous_7)
FNDA:2,(anonymous_8)
FNDA:2,(anonymous_9)
FNDA:2,(anonymous_10)
FNDA:9,(anonymous_11)
FNDA:6,(anonymous_12)
DA:27,1
DA:28,1
DA:36,4
DA:37,4
DA:40,4
DA:41,4
DA:43,3
DA:44,2
DA:47,2
DA:54,2
DA:55,2
DA:56,1
DA:61,1
DA:64,2
DA:65,2
DA:66,2
DA:67,2
DA:71,2
DA:76,4
DA:77,4
DA:78,4
DA:84,4
DA:85,4
DA:88,4
DA:89,4
DA:94,4
DA:96,3
DA:99,3
DA:105,3
DA:108,2
DA:109,2
DA:110,1
DA:115,1
DA:118,2
DA:119,2
DA:120,2
DA:121,2
DA:122,2
DA:126,2
DA:128,2
DA:129,2
DA:131,2
DA:136,2
DA:137,2
DA:138,2
DA:139,2
DA:140,2
DA:145,9
DA:147,9
DA:149,8
DA:150,7
DA:152,7
DA:153,2
DA:154,2
DA:157,7
DA:159,6
DA:164,6
DA:166,6
DA:171,6
DA:172,6
DA:173,6
LF:61
LH:61
BRDA:43,0,0,2
BRDA:43,0,1,1
BRDA:55,1,0,1
BRDA:55,1,1,1
BRDA:94,2,0,1
BRDA:94,2,1,3
BRDA:105,3,0,1
BRDA:105,3,1,2
BRDA:109,4,0,1
BRDA:109,4,1,1
BRDA:147,5,0,1
BRDA:147,5,1,8
BRDA:152,6,0,2
BRDA:152,6,1,5
BRDA:157,7,0,1
BRDA:157,7,1,6
BRDA:161,8,0,6
BRDA:161,8,1,6
BRDA:172,9,0,6
BRDA:172,9,1,0
BRF:20
BRH:19
end_of_record
TN:
SF:src/store/cartStore.ts
FN:22,(anonymous_0)
FN:27,(anonymous_1)
FN:31,(anonymous_2)
FN:33,(anonymous_3)
FN:48,(anonymous_4)
FN:49,(anonymous_5)
FN:51,(anonymous_6)
FN:55,(anonymous_7)
FN:56,(anonymous_8)
FN:59,(anonymous_9)
FN:64,(anonymous_10)
FN:72,(anonymous_11)
FN:73,(anonymous_12)
FN:77,(anonymous_13)
FN:78,(anonymous_14)
FN:85,(anonymous_15)
FN:91,(anonymous_16)
FN:92,(anonymous_17)
FN:94,(anonymous_18)
FN:95,(anonymous_19)
FN:97,(anonymous_20)
FN:102,(anonymous_21)
FN:110,(anonymous_22)
FNF:23
FNH:19
FNDA:2,(anonymous_0)
FNDA:21,(anonymous_1)
FNDA:19,(anonymous_2)
FNDA:9,(anonymous_3)
FNDA:1,(anonymous_4)
FNDA:1,(anonymous_5)
FNDA:1,(anonymous_6)
FNDA:1,(anonymous_7)
FNDA:1,(anonymous_8)
FNDA:1,(anonymous_9)
FNDA:0,(anonymous_10)
FNDA:2,(anonymous_11)
FNDA:2,(anonymous_12)
FNDA:12,(anonymous_13)
FNDA:12,(anonymous_14)
FNDA:2,(anonymous_15)
FNDA:0,(anonymous_16)
FNDA:0,(anonymous_17)
FNDA:6,(anonymous_18)
FNDA:7,(anonymous_19)
FNDA:1,(anonymous_20)
FNDA:0,(anonymous_21)
FNDA:1,(anonymous_22)
DA:20,2
DA:22,2
DA:28,21
DA:29,2
DA:31,19
DA:32,19
DA:33,9
DA:35,19
DA:36,3
DA:37,3
DA:39,16
DA:49,1
DA:50,1
DA:51,1
DA:56,1
DA:57,1
DA:58,1
DA:59,1
DA:61,1
DA:63,0
DA:64,0
DA:66,0
DA:67,0
DA:68,0
DA:73,2
DA:74,2
DA:78,12
DA:79,12
DA:80,12
DA:85,2
DA:91,2
DA:92,0
DA:94,2
DA:95,7
DA:97,2
DA:98,1
DA:99,1
DA:102,2
DA:103,0
DA:104,0
DA:105,0
DA:107,0
DA:110,2
DA:111,1
DA:112,1
DA:114,1
LF:46
LH:36
BRDA:28,0,0,2
BRDA:28,0,1,19
BRDA:35,1,0,3
BRDA:35,1,1,16
BRDA:57,2,0,1
BRDA:57,2,1,0
BRDA:66,3,0,0
BRDA:66,3,1,0
BRF:8
BRH:5
end_of_record
TN:
SF:src/store/ingredientStore.ts
FN:25,(anonymous_0)
FN:29,(anonymous_1)
FN:30,(anonymous_2)
FN:43,(anonymous_3)
FN:48,(anonymous_4)
FN:54,(anonymous_5)
FN:73,(anonymous_6)
FN:74,(anonymous_7)
FN:95,(anonymous_8)
FN:101,(anonymous_9)
FN:109,(anonymous_10)
FN:110,(anonymous_11)
FN:114,(anonymous_12)
FN:147,(anonymous_13)
FN:148,(anonymous_14)
FN:155,(anonymous_15)
FN:189,(anonymous_16)
FN:209,(anonymous_17)
FN:211,(anonymous_18)
FNF:19
FNH:19
FNDA:1,(anonymous_0)
FNDA:3,(anonymous_1)
FNDA:3,(anonymous_2)
FNDA:1,(anonymous_3)
FNDA:2,(anonymous_4)
FNDA:6,(anonymous_5)
FNDA:1,(anonymous_6)
FNDA:1,(anonymous_7)
FNDA:3,(anonymous_8)
FNDA:2,(anonymous_9)
FNDA:1,(anonymous_10)
FNDA:2,(anonymous_11)
FNDA:8,(anonymous_12)
FNDA:6,(anonymous_13)
FNDA:6,(anonymous_14)
FNDA:6,(anonymous_15)
FNDA:3,(anonymous_16)
FNDA:2,(anonymous_17)
FNDA:2,(anonymous_18)
DA:24,1
DA:25,1
DA:30,3
DA:31,3
DA:33,3
DA:34,3
DA:41,2
DA:43,1
DA:44,1
DA:45,1
DA:48,2
DA:49,2
DA:55,6
DA:57,6
DA:58,2
DA:71,2
DA:73,1
DA:74,1
DA:75,1
DA:78,4
DA:93,4
DA:95,3
DA:96,3
DA:102,2
DA:107,2
DA:109,1
DA:110,2
DA:123,8
DA:127,8
DA:136,8
DA:139,7
DA:145,7
DA:147,6
DA:148,6
DA:149,6
DA:150,6
DA:156,6
DA:159,5
DA:161,5
DA:162,6
DA:165,6
DA:170,6
DA:171,5
DA:173,4
DA:174,4
DA:175,4
DA:176,1
DA:178,3
DA:183,4
DA:184,4
DA:188,3
DA:190,3
DA:202,3
DA:207,3
DA:209,2
DA:210,2
DA:211,2
DA:212,2
DA:213,2
LF:59
LH:59
BRDA:41,0,0,1
BRDA:41,0,1,1
BRDA:44,1,0,1
BRDA:44,1,1,0
BRDA:57,2,0,2
BRDA:57,2,1,4
BRDA:66,3,0,2
BRDA:66,3,1,2
BRDA:71,4,0,1
BRDA:71,4,1,1
BRDA:75,5,0,1
BRDA:75,5,1,0
BRDA:84,6,0,4
BRDA:84,6,1,3
BRDA:85,7,0,4
BRDA:85,7,1,3
BRDA:86,8,0,4
BRDA:86,8,1,3
BRDA:87,9,0,4
BRDA:87,9,1,4
BRDA:93,10,0,1
BRDA:93,10,1,3
BRDA:107,11,0,1
BRDA:107,11,1,1
BRDA:123,12,0,6
BRDA:123,12,1,2
BRDA:131,13,0,8
BRDA:131,13,1,6
BRDA:136,14,0,1
BRDA:136,14,1,7
BRDA:145,15,0,1
BRDA:145,15,1,6
BRDA:149,16,0,6
BRDA:149,16,1,0
BRDA:156,17,0,1
BRDA:156,17,1,5
BRDA:170,18,0,1
BRDA:170,18,1,5
BRDA:171,19,0,1
BRDA:171,19,1,4
BRDA:171,20,0,5
BRDA:171,20,1,5
BRDA:175,21,0,1
BRDA:175,21,1,3
BRDA:184,22,0,1
BRDA:184,22,1,3
BRDA:207,23,0,1
BRDA:207,23,1,2
BRDA:210,24,0,2
BRDA:210,24,1,0
BRDA:212,25,0,2
BRDA:212,25,1,0
BRF:52
BRH:47
end_of_record
TN:
SF:src/store/orderStore.ts
FN:28,(anonymous_0)
FN:33,(anonymous_1)
FN:41,(anonymous_2)
FN:46,(anonymous_3)
FN:72,(anonymous_4)
FN:109,(anonymous_5)
FN:113,(anonymous_6)
FN:120,(anonymous_7)
FN:127,(anonymous_8)
FN:139,(anonymous_9)
FN:140,(anonymous_10)
FN:148,(anonymous_11)
FN:172,(anonymous_12)
FN:173,(anonymous_13)
FN:181,(anonymous_14)
FN:182,(anonymous_15)
FN:196,(anonymous_16)
FN:197,(anonymous_17)
FN:213,(anonymous_18)
FN:219,(anonymous_19)
FN:230,(anonymous_20)
FN:232,(anonymous_21)
FN:248,(anonymous_22)
FNF:23
FNH:23
FNDA:2,(anonymous_0)
FNDA:5,(anonymous_1)
FNDA:5,(anonymous_2)
FNDA:3,(anonymous_3)
FNDA:3,(anonymous_4)
FNDA:3,(anonymous_5)
FNDA:3,(anonymous_6)
FNDA:2,(anonymous_7)
FNDA:4,(anonymous_8)
FNDA:3,(anonymous_9)
FNDA:4,(anonymous_10)
FNDA:10,(anonymous_11)
FNDA:7,(anonymous_12)
FNDA:4,(anonymous_13)
FNDA:2,(anonymous_14)
FNDA:2,(anonymous_15)
FNDA:1,(anonymous_16)
FNDA:2,(anonymous_17)
FNDA:1,(anonymous_18)
FNDA:3,(anonymous_19)
FNDA:3,(anonymous_20)
FNDA:3,(anonymous_21)
FNDA:1,(anonymous_22)
DA:27,2
DA:28,2
DA:41,5
DA:42,5
DA:45,5
DA:46,5
DA:47,5
DA:49,5
DA:50,5
DA:51,5
DA:54,5
DA:69,5
DA:72,3
DA:80,3
DA:84,3
DA:88,3
DA:92,3
DA:105,3
DA:107,3
DA:109,3
DA:113,3
DA:114,3
DA:115,3
DA:118,3
DA:120,2
DA:121,2
DA:123,2
DA:128,4
DA:129,4
DA:130,1
DA:132,4
DA:137,4
DA:139,3
DA:140,4
DA:141,3
DA:142,3
DA:143,0
DA:149,10
DA:160,10
DA:162,8
DA:170,8
DA:172,7
DA:173,7
DA:174,7
DA:175,7
DA:176,2
DA:182,2
DA:183,2
DA:186,2
DA:187,2
DA:194,2
DA:196,1
DA:197,1
DA:199,2
DA:200,2
DA:201,2
DA:204,2
DA:210,1
DA:213,1
DA:214,1
DA:220,3
DA:231,3
DA:232,3
DA:233,3
DA:234,3
DA:235,3
DA:236,3
DA:241,3
DA:242,2
DA:248,3
DA:249,1
LF:71
LH:70
BRDA:38,0,0,0
BRDA:39,1,0,0
BRDA:69,2,0,2
BRDA:69,2,1,3
BRDA:84,3,0,0
BRDA:84,3,1,3
BRDA:88,4,0,1
BRDA:88,4,1,2
BRDA:105,5,0,0
BRDA:105,5,1,3
BRDA:129,6,0,1
BRDA:129,6,1,3
BRDA:137,7,0,1
BRDA:137,7,1,3
BRDA:141,8,0,0
BRDA:141,8,1,3
BRDA:142,9,0,0
BRDA:142,9,1,3
BRDA:155,10,0,10
BRDA:155,10,1,7
BRDA:160,11,0,2
BRDA:160,11,1,8
BRDA:170,12,0,1
BRDA:170,12,1,7
BRDA:174,13,0,0
BRDA:174,13,1,7
BRDA:175,14,0,2
BRDA:175,14,1,5
BRDA:181,15,0,2
BRDA:194,16,0,1
BRDA:194,16,1,1
BRDA:197,17,0,1
BRDA:197,17,1,0
BRDA:199,18,0,0
BRDA:199,18,1,2
BRDA:200,19,0,2
BRDA:200,19,1,2
BRDA:201,20,0,0
BRDA:201,20,1,2
BRDA:233,21,0,3
BRDA:233,21,1,0
BRDA:235,22,0,3
BRDA:235,22,1,0
BRDA:241,23,0,2
BRDA:241,23,1,1
BRDA:241,24,0,3
BRDA:241,24,1,3
BRF:47
BRH:35
end_of_record
TN:
SF:src/store/productStore.ts
FN:25,(anonymous_0)
FN:33,(anonymous_1)
FN:34,(anonymous_2)
FN:48,(anonymous_3)
FN:53,(anonymous_4)
FN:60,(anonymous_5)
FN:70,(anonymous_6)
FN:74,(anonymous_7)
FN:80,(anonymous_8)
FN:81,(anonymous_9)
FN:85,(anonymous_10)
FN:86,(anonymous_11)
FN:90,(anonymous_12)
FN:91,(anonymous_13)
FN:95,(anonymous_14)
FN:96,(anonymous_15)
FN:97,(anonymous_16)
FN:103,(anonymous_17)
FN:113,(anonymous_18)
FN:114,(anonymous_19)
FN:127,(anonymous_20)
FN:131,(anonymous_21)
FN:134,(anonymous_22)
FN:134,(anonymous_23)
FN:140,(anonymous_24)
FN:144,(anonymous_25)
FN:150,(anonymous_26)
FNF:27
FNH:27
FNDA:1,(anonymous_0)
FNDA:3,(anonymous_1)
FNDA:3,(anonymous_2)
FNDA:1,(anonymous_3)
FNDA:2,(anonymous_4)
FNDA:3,(anonymous_5)
FNDA:1,(anonymous_6)
FNDA:2,(anonymous_7)
FNDA:19,(anonymous_8)
FNDA:19,(anonymous_9)
FNDA:19,(anonymous_10)
FNDA:19,(anonymous_11)
FNDA:34,(anonymous_12)
FNDA:34,(anonymous_13)
FNDA:2,(anonymous_14)
FNDA:2,(anonymous_15)
FNDA:2,(anonymous_16)
FNDA:5,(anonymous_17)
FNDA:1,(anonymous_18)
FNDA:1,(anonymous_19)
FNDA:2,(anonymous_20)
FNDA:3,(anonymous_21)
FNDA:2,(anonymous_22)
FNDA:3,(anonymous_23)
FNDA:7,(anonymous_24)
FNDA:6,(anonymous_25)
FNDA:9,(anonymous_26)
DA:24,1
DA:25,1
DA:34,3
DA:35,3
DA:36,3
DA:38,3
DA:39,3
DA:46,3
DA:48,1
DA:49,1
DA:50,1
DA:53,2
DA:54,2
DA:55,2
DA:61,3
DA:62,3
DA:68,3
DA:70,1
DA:71,1
DA:74,2
DA:75,2
DA:81,19
DA:82,19
DA:86,19
DA:87,19
DA:91,34
DA:92,34
DA:96,2
DA:97,2
DA:98,2
DA:99,2
DA:104,5
DA:105,5
DA:106,2
DA:112,2
DA:113,1
DA:114,1
DA:115,1
DA:118,3
DA:126,3
DA:127,2
DA:132,3
DA:133,3
DA:134,3
DA:140,1
DA:141,7
DA:143,7
DA:144,6
DA:147,7
DA:148,4
DA:149,4
DA:151,9
DA:156,7
LF:53
LH:53
BRDA:46,0,0,2
BRDA:46,0,1,1
BRDA:54,1,0,2
BRDA:54,1,1,1
BRDA:68,2,0,2
BRDA:68,2,1,1
BRDA:75,3,0,2
BRDA:75,3,1,1
BRDA:98,4,0,2
BRDA:98,4,1,0
BRDA:105,5,0,2
BRDA:105,5,1,3
BRDA:109,6,0,2
BRDA:109,6,1,2
BRDA:110,7,0,2
BRDA:110,7,1,2
BRDA:112,8,0,1
BRDA:112,8,1,1
BRDA:115,9,0,1
BRDA:115,9,1,0
BRDA:122,10,0,3
BRDA:122,10,1,3
BRDA:123,11,0,3
BRDA:123,11,1,2
BRDA:126,12,0,1
BRDA:126,12,1,2
BRDA:133,13,0,1
BRDA:133,13,1,2
BRDA:143,14,0,2
BRDA:143,14,1,5
BRDA:147,15,0,4
BRDA:147,15,1,3
BRDA:151,16,0,9
BRDA:151,16,1,3
BRDA:151,16,2,1
BRF:35
BRH:33
end_of_record
TN:
SF:src/types/database.ts
FNF:0
FNH:0
LF:0
LH:0
BRF:0
BRH:0
end_of_record
TN:
SF:src/types/index.ts
FNF:0
FNH:0
LF:0
LH:0
BRF:0
BRH:0
end_of_record
